-1.4647399666883083
-0.165160093506454
-0.16163725553643044
-0.1429596209653683
-0.2061708683280632
-0.2024242831821582
-0.18396035072383377
-0.23823509444384358
-0.23460863511958727
-0.21788289073517447
-0.2633081937708725
-0.26025176839387404
-0.24963822707324815
-0.2811194756920582
-0.279176081824116
-0.27101000939668324
-0.29246980832813074
-0.290865670660373
-0.28201064050798663
-0.29869945838617645
-0.2963164494756309
-0.2893250877224191
-0.3027824249454479
-0.29943342921782723
-0.2914976196106434
-0.3017593661606137
-0.2988446105894972
-0.2917879266165159
-0.29591869327252723
-0.29415200088386323
-0.28729510108215284
-0.28955956436161306
-0.28742826321171816
-0.2810964685109642
-0.2792370356101248
-0.2773283812605085
-0.27083832974726724
-0.2678499335661585
-0.26546655987168943
-0.2589848249585399
-0.25502218806282834
-0.2538022643919919
-0.24703553342859996
-0.2417843299411756
-0.24204783171533073
-0.23885769921730593
-0.22804517067984503
-0.22972097616208506
-0.22537837260162902
-0.2115566749275895
-0.2128486362279159
-0.21054452096027135
-0.19627703977623898
-0.1946495939375568
-0.19616322234776118
-0.18288074836236826
-0.18028883297741505
-0.1841144357658365
-0.1952233857298194
-0.19576130838111097
-0.19940191631179027
-0.17431825113034696
-0.17593669261062345
-0.17924966640077536
-0.1453529134403035
-0.14759165651800432
-0.14967355216554656
-0.19109384209189
-0.18725183280349034
-0.18231367654793157
-0.22622881217051813
-0.22109147546523877
-0.21478216003469058
-0.25518861103174806
-0.24960890055859253
-0.2471752101244249
-0.27591628008160224
-0.27173678640982535
-0.27490006375148884
-0.29070214444323816
-0.2884644394588416
-0.29479633040424674
-0.30234283476498885
-0.30170295658989305
-0.30925281362320667
-0.3110209895528559
-0.3114302363742413
-0.3215255701798051
-0.3171907282106859
-0.31935110496744945
-0.3309740505719917
-0.322798745475788
-0.3263997063716967
-0.33716180242446275
-0.3271787158574733
-0.33082738808068324
-0.34051372986401907
-0.3298725388769098
-0.3345367808094282
-0.34384396295808134
-0.3317593788642863
-0.33686721949173537
-0.34448540375579456
-0.33216456182647436
-0.33702663990065784
-0.3436416997192751
-0.33142298937733944
-0.3348868617208022
-0.34112740035340794
-0.327832963305529
-0.3307222169512787
-0.33753525913647164
-0.32188060138629376
-0.32444757806027985
-0.3321539875306332
-0.3111908670277364
-0.3150428929787214
-0.32286000773777535
-0.29616746023429924
-0.3000984322922228
-0.30848219468353694
-0.27710193114533066
-0.2803326971473725
-0.2876857455054043
-0.24903343566870575
-0.2510728765594969
-0.2590846404372391
-0.2109503243438865
-0.21518376744684678
-0.2223461599689312
-0.19937737512504253
-0.1948459655522409
-0.18615632181204853
-0.24068690548049146
-0.23484992695286663
-0.22354241225113222
-0.27316529828142855
-0.2676796348817801
-0.25737044355938876
-0.2978431761571592
-0.29408398687493054
-0.28985339636988605
-0.3158169335989075
-0.31240276389638894
-0.3100254245767365
-0.3285963739189371
-0.32595368020058135
-0.3234976150509426
-0.33791951721824093
-0.33641004848571204
-0.3351241569702955
-0.34565776647236274
-0.3436940759759273
-0.34247147065902506
-0.35025947909651933
-0.348864994638267
-0.3488014830214273
-0.35343357100059275
-0.3529992238418856
-0.35375692654899765
-0.3547801567292002
-0.3542810942294381
-0.35750493913005776
-0.3543379561794503
-0.35384168428352764
-0.3565272741524489
-0.35261154636421
-0.35285539646462466
-0.35645966450389754
-0.3499505476351335
-0.34980742220867456
-0.3556301158047816
-0.34679006638551074
-0.3463738647116692
-0.3536467637560624
-0.3404400701939081
-0.3401204785188529
-0.3517608297592341
-0.33029327220359006
-0.33131047630470334
-0.3445280512430322
-0.3168821637895525
-0.31848696695867135
-0.3352440567456789
-0.30200840435100546
-0.30363574666526266
-0.3201078052911932
-0.28254469365506935
-0.28575348206440554
-0.3020171420424285
-0.25579814435514686
-0.26249262579865246
-0.27456868334852463
-0.3845763593641486
-0.38575546109129766
-0.37517442695222114
-0.37949450584640365
-0.3811307442388647
-0.37015901521776184
-0.37558646686820535
-0.37666576967537757
-0.36576199319878905
-0.3709929604143447
-0.37199851284282737
-0.3613216609641178
-0.3662559182302549
-0.36700209434463305
-0.3571485528564176
-0.36119759570848864
-0.3619856672719016
-0.35307131317852614
-0.35606361406652776
-0.35659078802436656
-0.3488179065196755
-0.35070323177301943
-0.3516681799549046
-0.34557691530918594
-0.3438122980964389
-0.3455130126350875
-0.3401344303639269
-0.33414374690836396
-0.33654885304030685
-0.3314706021346498
-0.32418796047899034
-0.32665923577703493
-0.32276476672815996
-0.3136003053964481
-0.31555825841459184
-0.31198502523516763
-0.30085224501988644
-0.3033901698913604
-0.30026639525690446
-0.2877882765611413
-0.29106531432562033
-0.28798234048708066
-0.2743339096966878
-0.2772362600298194
-0.2752642030212265
-0.26053828446539795
-0.263326795711338
-0.26167287670615275
-0.24632053595756087
-0.24813627336320637
-0.24772288226093483
-0.23187037843218714
-0.23286123652230087
-0.23278501913234154
-0.21894698291670395
-0.21902996578112072
-0.21930706223206703
-0.270259947540227
-0.2699351957605525
-0.26554138748085293
-0.2796429871303179
-0.28017670028742514
-0.27561514925662045
-0.2886201244834094
-0.28969223947543626
-0.28451688533060554
-0.29684115573706554
-0.2976777230422971
-0.29198291210065636
-0.3043858341366219
-0.30520473085314515
-0.2991539354569652
-0.3125324256086659
-0.31304542819330305
-0.30836704228386785
-0.3198121297654305
-0.32022091620586124
-0.31726515159871094
-0.32691698133206226
-0.326974704035878
-0.32542917554904127
-0.3333682049002095
-0.3331383737736643
-0.33287903076370295
-0.3389600957204898
-0.3390067645483507
-0.33969621937586314
-0.3442008859354821
-0.3438091568080349
-0.346996148938722
-0.34884838396902146
-0.3489286950369941
-0.35319912961562827
-0.3518747462029367
-0.3521538819948984
-0.3575584729926275
-0.35386027790951435
-0.35525140986842124
-0.3610585236178554
-0.355750503242236
-0.35745889587901675
-0.3622826930331727
-0.35714847976269626
-0.3588360235570016
-0.3633659408325856
-0.3589818780359365
-0.3602057792228434
-0.363909862602133
-0.3597548298701879
-0.3612096789509675
-0.3634552799216506
-0.36039001970449325
-0.36189907400036925
-0.36342702275364536
-0.36037297019732667
-0.36189214451741075
-0.3621569689972059
-0.3591736563661595
-0.3611094736579188
-0.36134322204667574
-0.3593750821401519
-0.3612879809222811
-0.360161552101342
-0.3599002534472663
-0.3611323278249555
-0.3584128416732328
-0.3595257343031381
-0.36142368491239657
-0.35718252752217217
-0.3610316662916564
-0.3614595263389733
-0.35634136067515526
-0.3629144385808988
-0.3627338356475957
-0.35658355357292537
-0.3655479407916337
-0.3644764428216481
-0.35777638416454716
-0.3682537120755284
-0.3670729076851452
-0.3607190875163978
-0.3704889225650206
-0.3689963592767782
-0.36297401773279564
-0.37229805194652055
-0.37042013341399205
-0.3658231075112244
-0.3747289123196247
-0.3732944216111104
-0.3686897337418524
-0.3766421293564337
-0.37462467507073416
-0.37131443138993436
-0.37735416925646964
-0.3765689129086475
-0.372586387122951
-0.3780492024195884
-0.37795084936561396
-0.3739630470666294
-0.3791204981927015
-0.3785902236034504
-0.3741686483215489
-0.37920736452348525
-0.3782294843981548
-0.3739605307687271
-0.3786801240348727
-0.3782414731978019
-0.3723070130444444
-0.37700553639228235
-0.37727824237819635
-0.3714265509728735
-0.376001855298475
-0.3766704220339317
-0.3691901656794395
-0.3739232443255319
-0.3746839247999803
-0.3669488674880285
-0.37104058090004643
-0.3722857108186859
-0.3638892045943137
-0.3683378244476064
-0.36966004357137544
-0.36132106583155027
-0.368976122523663
-0.3699406097899219
-0.35917742553450965
-0.3708614403073633
-0.3728063555977423
-0.3616544356620716
-0.37592453801564985
-0.37996077891439534
-0.36630119612201395
-0.23727480306296278
-0.23509208212299657
-0.22556912307326477
-0.2553332305037831
-0.25276044289602445
-0.24252583704644273
-0.2723892556749409
-0.26915526094300823
-0.2585842453845644
-0.2877717223067957
-0.2839493330972571
-0.27382026218114663
-0.3014635148698147
-0.2974911747317917
-0.2871187845110295
-0.315475370274442
-0.3115556658147129
-0.301518750772432
-0.32718687317864537
-0.32342108011550946
-0.31446236896542606
-0.33887929349642815
-0.3350239221857797
-0.32734645737828866
-0.3495835268342054
-0.34576470028718126
-0.34092553258200653
-0.35869833248762456
-0.3557539677821015
-0.3537277330443087
-0.36731189170054884
-0.3648927196663556
-0.3643866648272276
-0.3759558129798772
-0.37302929609595664
-0.3732920085263729
-0.3825165182169011
-0.3811017822347639
-0.38234637214916917
-0.3888135249331008
-0.38737617657123147
-0.3889681111391863
-0.39487915625872483
-0.3934993691271709
-0.3942873772437048
-0.39986929501801766
-0.39934526773010137
-0.4007652515525191
-0.4041844417692875
-0.4038294676007429
-0.4044874094913319
-0.40886010790576044
-0.408349150480386
-0.40908571580073383
-0.4116994239117077
-0.41183921935161716
-0.41501365519368033
-0.4152423600450413
-0.41581116366991705
-0.4186677666576642
-0.4192062967845487
-0.41857846909776425
-0.4211835130022762
-0.4212521367017133
-0.4213756185535092
-0.42329148800418925
-0.42365424968773063
-0.42385179427113057
-0.425682301447249
-0.42614221606931135
-0.42573373161756234
-0.42755864226273727
-0.42709727902395545
-0.42738781503001505
-0.42966467022100846
-0.4289997458403404
-0.42931852379013724
-0.431684856219882
-0.43047438773388047
-0.43090535162382276
-0.43292907299764366
-0.43084480205625947
-0.4324193865977155
-0.4338124351600399
-0.431791811484705
-0.4335238560323284
-0.4348585345894612
-0.4329234204231124
-0.4337163848417388
-0.4338035274184958
-0.43387104048573333
-0.4353266051445754
-0.43558556173905244
-0.43425440991220404
-0.43568767024295596
-0.43642457944150886
-0.4343930678264059
-0.4354413234426949
-0.43595647731208637
-0.43385833830998627
-0.43593697678926585
-0.4363227770706925
-0.4332033088348031
-0.43575177559448663
-0.43437417517833093
-0.4341636131830293
-0.43487940636094574
-0.4347691456013383
-0.43385340787366633
-0.4350801264237409
-0.43450396322537255
-0.4346426452164786
-0.4351405835515792
-0.43493850161767567
-0.43422551595253306
-0.4348559161332205
-0.433708364585325
-0.43225169325831997
-0.43323936417956965
-0.4321271660965151
-0.4309888032329534
-0.43324671642216217
-0.4333954698202798
-0.42989394057991437
-0.4318949503939041
-0.4329845720180467
-0.4292177480477226
-0.4312015304438773
-0.4324715918741405
-0.4287897974848455
-0.4292695016814003
-0.43124038371091383
-0.42680864915705446
-0.4285955325624276
-0.43030674211149195
-0.4248261699703424
-0.4270744794979562
-0.42819601622926057
-0.42196430467322665
-0.42354561466700563
-0.4268987027360337
-0.4191046742822398
-0.4206846599140325
-0.42324103400350077
-0.41548253473729596
-0.4175642647504483
-0.4211568510442622
-0.41325678826100554
-0.4137859695244774
-0.4174534022627664
-0.40964125937811047
-0.40938226259102006
-0.41341062497938624
-0.4042410360593079
-0.40403768148900243
-0.41041109118118235
-0.398818574979083
-0.39855631967473365
-0.4045862258137473
-0.39319883623464935
-0.39426759825095736
-0.4012848977134688
-0.38875617292409526
-0.3880037507574109
-0.3952484612281379
-0.3799319255574305
-0.37951861342963017
-0.387040992872306
-0.3710715308069521
-0.37130222900785753
-0.37813032349505765
-0.3611014339561913
-0.3604635008079023
-0.368573895278806
-0.3493957863456839
-0.34878362699341964
-0.35706748172573083
-0.3361420223839697
-0.33578829181521885
-0.3438653709183544
-0.3223635298194047
-0.322597293434049
-0.33093776096924316
-0.3070231816745605
-0.30755034799860426
-0.316913228360831
-0.2919899340429442
-0.2927321698947727
-0.3016405290919992
-0.27493008174173744
-0.2757953853308274
-0.28469588486399355
-0.16283108979467292
-0.1616913040197411
-0.16709908532799383
-0.2064256569782123
-0.2056175710433034
-0.20645634895322726
-0.21941626585769616
-0.22411820555486905
-0.23221480598685207
-0.2530950145197414
-0.2545005886709275
-0.25920835523843
-0.14325950124381803
-0.1421005829574328
-0.1348433331650636
-0.21547815819155555
-0.21379728546309582
-0.20005060802517274
-0.14862561066555743
-0.14623991746555057
-0.13478536165783966
-0.19843008424606146
-0.19686050089915105
-0.18308594332428993
-0.12022576608633384
-0.117457317005972
-0.0916815068780857
-0.1834460083339731
-0.18203148668554706
-0.1678132440554581
-0.10530765189103485
-0.10424000767680289
-0.09636548285584849
-0.16848812725942752
-0.16698454125010176
-0.15375809844056532
-0.20294830705492134
-0.2047101262522141
-0.20871116195719733
-0.25922601777085363
-0.25801321330800164
-0.2543699888466452
-0.20501549125624055
-0.20671399542472438
-0.21162814201981586
-0.2473391009045727
-0.24562378529948292
-0.24221611152928835
-0.11145642860308126
-0.11004861515568683
-0.0992343733177238
-0.15484343872471057
-0.15379354286893215
-0.1407400294005826
-0.20068464845958592
-0.20167957930617328
-0.20763388568078786
-0.23396669438834683
-0.23173409573627862
-0.22884997429776302
-0.19342558721653494
-0.19420811775093122
-0.19983393303659816
-0.22104441275890097
-0.21782521177358705
-0.21640685223432185
-0.18446090247795982
-0.18604462996805382
-0.1906859020043384
-0.2086930397556264
-0.20512573371026357
-0.20384243956605458
-0.17388634525886124
-0.17640636370594212
-0.18203333688731443
-0.19625639183512406
-0.1927347964256305
-0.19214662435206173
-0.1616542911666181
-0.1666135607867331
-0.17018503886311076
-0.2350365870789213
-0.2368322278978996
-0.24225164126525203
-0.10574731364517555
-0.1104258902388069
-0.10966923555273171
-0.2179805619077633
-0.22043740985091517
-0.22619323292712612
-0.17332363751834112
-0.17870646105670757
-0.1861986644939278
-0.2025980952759087
-0.205643337696667
-0.21095721613054513
-0.12222753310041012
-0.1278839086947295
-0.13304114132179726
-0.1889063027128903
-0.19210149606213253
-0.19765869380066164
-0.16329105057875754
-0.16662763476529796
-0.17284004987677362
-0.18453865483872073
-0.1813021977282497
-0.18098686960708396
-0.0781570219661044
-0.08411325538790623
-0.08437177542228151
-0.17489444730826287
-0.17803700497921066
-0.1832587275392581
-0.14545857854919347
-0.1441317698568074
-0.1499516641602062
-0.1956251278791712
-0.19441690609829468
-0.1951210867186402
-0.08891783695468916
-0.08704203742356467
-0.05946521562688648
-0.14157512153941365
-0.14079820769073154
-0.12753791859320612
-0.15198674961039776
-0.15602015064187613
-0.16326968123456043
-0.1728590356103729
-0.17019129752297305
-0.1702104936677618
-0.13735137242436263
-0.14205713455579172
-0.147879102463615
-0.16318294440405934
-0.16617159067841375
-0.17031510934626484
-0.0923826425102071
-0.09684968789344377
-0.10117500093403962
-0.15149052408627664
-0.15462162856172004
-0.1582000812622823
-0.12721656008516552
-0.12634789550198222
-0.13360631515247817
-0.1853940895245896
-0.18392735554127237
-0.18489033919968642
-0.058223661589302374
-0.057579460039290126
-0.051253038624680385
-0.050665472935041284
-0.05027430013171492
-0.045087803656549186
-0.07475671933634542
-0.0741738873794425
-0.06613947116906475
-0.1300024787987621
-0.12911946487548281
-0.11603150504012996
-0.14211617530921505
-0.14558481751240399
-0.15268349699224568
-0.1632661016781574
-0.16001397925929361
-0.16012136615870493
-0.057325069685624806
-0.06357356915436704
-0.06440289398376117
-0.14076754585720574
-0.14396501202639894
-0.14706300755399757
-0.10767095748348413
-0.1119125689210741
-0.11623737855793147
-0.13167286464509623
-0.13405802059647107
-0.13697791855230035
-0.11029924110196979
-0.10893422010487139
-0.11533180029148704
-0.1765163456145101
-0.17477565313264212
-0.17548853116995344
-0.07256710441872385
-0.07299208361553323
-0.06914996387740115
-0.16788962917277617
-0.16615930988025573
-0.1669203434463669
-0.06621710451254093
-0.06584143302777055
-0.06015673087846687
-0.044608504829851195
-0.04391656191302336
-0.039185185632477165
-0.08279999653169921
-0.08093080145054835
-0.07210223145085977
-0.12012497682277504
-0.11826709046093928
-0.10619532959707235
-0.06775376476236888
-0.06623283521113844
-0.03850905324036735
-0.11122393861498346
-0.110002029450773
-0.09717591843643779
-0.13321052988603824
-0.13662373938844097
-0.1453419505541697
-0.15427229127818418
-0.1512625552936368
-0.1520792558966532
-0.12481787824942693
-0.12767852702528146
-0.13753908032073517
-0.14599959077867355
-0.14319796225034426
-0.14439448891860265
-0.07023095692049318
-0.07320507013284897
-0.07752259132535057
-0.12287834688427705
-0.12491610045020242
-0.12704771366330217
-0.043618446554886475
-0.04862190018572976
-0.04977882154057316
-0.11413660147388514
-0.11670114508766086
-0.11889920347867058
-0.09532252475405315
-0.09316722626472226
-0.09777037956896599
-0.082438803205196
-0.07992375436804523
-0.08177094808141687
-0.15881417720973365
-0.15736400760154742
-0.15698546244100092
-0.07637537400453828
-0.07744025323350205
-0.07521451435958447
-0.08071843492134319
-0.08166301548961402
-0.07927336923083171
-0.15062483675206056
-0.14937967301105803
-0.14775317652395395
-0.08402404636016661
-0.08483463278457232
-0.08039438481850837
-0.14293126494325306
-0.14226017518166412
-0.13976890013077575
-0.037906417871916905
-0.037628517799748726
-0.03490864564947858
-0.10235745029803239
-0.10039911892227035
-0.0887037087124055
-0.06323979111556131
-0.060851070287653554
-0.05155038378409284
-0.09489225294874183
-0.09288714064297987
-0.08092785375643421
-0.05222865287338806
-0.05069674710976217
-0.02444833022211482
-0.08807809724208292
-0.08637269202155164
-0.07540862823623229
-0.032685036660082684
-0.03268071264307451
-0.032932999246299687
-0.05518133303777508
-0.05322590094550204
-0.04511749933504936
-0.08087897859433962
-0.07968827429616904
-0.06919526115237855
-0.039982108715140005
-0.0385740048076759
-0.029105641069619603
-0.11846971175626603
-0.12194218933568049
-0.1317938683935484
-0.13966658580968408
-0.13792449083901748
-0.13920056300251085
-0.11299996552553183
-0.11552276987598448
-0.1256885674712636
-0.1343062035161757
-0.133001882769556
-0.13595957179202076
-0.1073994866898869
-0.10847959706972636
-0.11875461104453379
-0.12917222187421457
-0.12760700352202056
-0.13170616513316924
-0.1013970425248425
-0.10192570041064661
-0.11133636275248632
-0.12411389935244833
-0.12259057644928903
-0.12762892545527643
-0.09539013871675057
-0.09550219938822742
-0.10408950597106192
-0.11937685716835796
-0.11759415795109444
-0.12345581734757578
-0.0850232693779369
-0.0879740996293479
-0.09095995227164451
-0.10757589623686109
-0.10866215860332397
-0.11058463744748141
-0.035688350213941566
-0.038597937622005266
-0.0392995984733621
-0.05429344753308109
-0.056693721809076135
-0.06023557202553052
-0.10111126995506417
-0.10231662065137921
-0.1040869379654799
-0.09496417464909683
-0.09618097471172378
-0.09811739223556973
-0.06834149715743759
-0.07119956812640348
-0.07353002066454972
-0.08964446543402872
-0.090177310195266
-0.09200234956203347
-0.042923593430168876
-0.04424601859367124
-0.047904666180160455
-0.08509296185755034
-0.0854324892409487
-0.08669013702366922
-0.02948584359316888
-0.03107541496436413
-0.03201722203876318
-0.07986005722868843
-0.08073137565827232
-0.0814529652602374
-0.06990640183071782
-0.06771665752144382
-0.06847980729312264
-0.05890721858308655
-0.05742554239709168
-0.05833505315128088
-0.08558443561924998
-0.08582244163960408
-0.08058051808439214
-0.13580983777675656
-0.1354872567401784
-0.13243191310696625
-0.08654256076472162
-0.08575475255254719
-0.07929879786378052
-0.1295486146687429
-0.12919242607459883
-0.12547771953926665
-0.08708362715098701
-0.08469107967408117
-0.07668436586319727
-0.1239110094543026
-0.1239233604762635
-0.1184056395324775
-0.08536668021812849
-0.08272963031653179
-0.07533770173804258
-0.11857905914415384
-0.11826867286912514
-0.11241556036851698
-0.08378189485671107
-0.08149791102450517
-0.07349856845907358
-0.11482188479618229
-0.11433750493226456
-0.10808975671625419
-0.08279944531458969
-0.07996018968352338
-0.07243184025358293
-0.11189210970474629
-0.110363197732756
-0.10375927415379725
-0.048694468085134314
-0.04613541408896644
-0.03744170269522026
-0.07514818311783397
-0.07400449678308635
-0.06405933218487879
-0.02813851897350123
-0.028332607711665587
-0.031024589437004937
-0.04086037643791183
-0.03961060321978282
-0.016560985717626795
-0.06437547761530613
-0.06393521204967789
-0.055321548838234556
-0.07011194566687813
-0.06906775274606243
-0.05944826827171785
-0.0369893075153564
-0.03562104970649811
-0.028511446293504727
-0.059420208493448694
-0.059338168606041575
-0.051813530723119706
-0.03258011502213091
-0.03152482748294688
-0.01117252314228022
-0.05505176953999113
-0.054740866701472615
-0.047838267636144904
-0.023776136139311423
-0.0242894913249443
-0.027739909613510617
-0.05078716560884556
-0.050757199274447135
-0.04468786581859979
-0.02939558275512836
-0.028916351859933246
-0.019070782051434563
-0.02835660065594296
-0.02727344292670323
-0.021814718676023612
-0.04737344394549402
-0.04703742663450046
-0.04206466115067913
-0.02157932118509204
-0.021172430225444572
-0.01323391742490268
-0.08160085397873218
-0.08152504991509894
-0.08985991145731397
-0.08895177873480115
-0.08881244499592239
-0.09657947823025473
-0.11087531173629951
-0.10846192655505785
-0.11461846309393142
-0.11478335071449748
-0.11292690111854432
-0.11901548511290463
-0.07211470955650855
-0.07345482658656648
-0.08260950210789454
-0.10579345821855442
-0.10383720970262518
-0.10960305135947182
-0.06187813818832219
-0.06351680096876293
-0.07466639426466454
-0.10010283973488968
-0.09923726694062614
-0.10414221872273659
-0.051481910445282913
-0.05268829764249083
-0.06736430627495255
-0.09471205254036442
-0.09425982924766411
-0.09918243684229527
-0.04678489509902006
-0.04535574247158473
-0.03490332594262669
-0.08947540896751774
-0.08880764957020534
-0.09424602640340618
-0.049424911921891974
-0.04905509486753142
-0.038603313365156065
-0.04323014209508157
-0.04157153160517309
-0.03181813056734318
-0.0850297265554383
-0.08448712958741648
-0.09011319258362459
-0.03822470154656741
-0.035720465971863034
-0.02947582445807242
-0.03367874866204576
-0.03038238311605866
-0.026993549251577518
-0.029274457757567242
-0.026936876639959022
-0.024758551636617436
-0.025831571979696162
-0.024114456122622183
-0.022436006882649774
-0.024001907161612126
-0.022145451675397054
-0.020740539994368954
-0.02255262685892423
-0.02068805897397609
-0.01962468517583694
-0.02130296827659104
-0.018977742068862543
-0.01847232889748385
-0.055825050298696055
-0.05952142884926183
-0.060251560281535506
-0.0763768261430893
-0.07657426111123085
-0.07704836053591867
-0.034061186985440056
-0.03529601780675873
-0.03813154633667197
-0.07185252095046285
-0.07198579819792277
-0.07296770003803615
-0.024975834624280945
-0.02555359030929629
-0.025805294794354495
-0.06746963876919185
-0.0684742540917272
-0.06900637862516283
-0.04468283302626431
-0.04963128086018815
-0.05025445334469675
-0.06461508402662197
-0.065059478520826
-0.06553346448656057
-0.02662735646732188
-0.027247962373245744
-0.030458176093614755
-0.061157271125054154
-0.06147385129477016
-0.062292910361527246
-0.022234966876612104
-0.020928746578729486
-0.021632385417609607
-0.05737719414501478
-0.058935340520432866
-0.05900576428809427
-0.036192842995918365
-0.04220315490367026
-0.04250963235997207
-0.055033196693654945
-0.056175339557387585
-0.05618411192780813
-0.050115276251302306
-0.04951267266471378
-0.049221592873587
-0.042344220863838065
-0.04292066378243097
-0.042977797534311094
-0.08109043260423564
-0.07717441714612004
-0.07071078540437112
-0.08080113007728808
-0.07705777318708419
-0.07123257163440976
-0.10882755252179364
-0.10690515597119019
-0.10056579718232872
-0.10549111806021189
-0.10363171226797852
-0.09749595276204936
-0.07745732905128869
-0.07647149464776364
-0.07398783223129642
-0.1022069682498265
-0.1002287337996092
-0.09494291877342004
-0.0781183996641679
-0.07759474817071786
-0.07572151792645106
-0.09922950713434918
-0.09710309669601354
-0.09248443140439908
-0.07606938260255951
-0.0760835241013261
-0.07496366820498739
-0.09596499714817894
-0.09377193491907944
-0.09025788230479663
-0.07788739422129921
-0.07501615060419603
-0.07587568933199636
-0.09347673124071283
-0.0913535391405546
-0.08835704306778143
-0.07750532955966116
-0.07528508987640094
-0.0797922282678219
-0.09148170497996315
-0.08911452522752747
-0.08644875739751244
-0.026387869528216607
-0.025529320389131513
-0.00928579888948638
-0.043829515842312566
-0.04379278008753713
-0.039369021806276855
-0.020266756767398458
-0.02062317338565671
-0.025343258545807025
-0.040463992313948205
-0.040256164608571655
-0.036417688690717
-0.022053042857375863
-0.020515878541252152
-0.017018767988743078
-0.037078728845421835
-0.03699886221743322
-0.03368242708351266
-0.021395568478807744
-0.02036629319792147
-0.007255448120240326
-0.03463719127055347
-0.033766664379076355
-0.030398278165560233
-0.017232992993032655
-0.016745265401251236
-0.022177076773166736
-0.015826883044748257
-0.015511382929567379
-0.008331585072991735
-0.03207184804497038
-0.030854330127838732
-0.027659880721027746
-0.011856865802131585
-0.011347240765550696
-0.003892586255907905
-0.035544820810528586
-0.03543203471988505
-0.051434305616488624
-0.04269051386849776
-0.043451907098620436
-0.059342700460779864
-0.028979356449111184
-0.029305538725185983
-0.0433074457168149
-0.0808603247229953
-0.08045979444675633
-0.08560677762471758
-0.054050800555627825
-0.053215890235459036
-0.044337939385177896
-0.05171164820608757
-0.0509711734795354
-0.04222375830592258
-0.07678291786308347
-0.07670361347849781
-0.08089441341501857
-0.05564159774234419
-0.05460843578658369
-0.04699201376003468
-0.07371066075761683
-0.07342748061762555
-0.07725404909130587
-0.05701016814288906
-0.056952994128331165
-0.04962967449715162
-0.07093224739498791
-0.07104625266145366
-0.07314120086637395
-0.057239312420210756
-0.0575255403199355
-0.05189719755392892
-0.06758908056579191
-0.06815995446795785
-0.06999020983645773
-0.02055177584439308
-0.017052832261969155
-0.016796800254383133
-0.019932251000357726
-0.015428197660637893
-0.015279011141863872
-0.018840353697736543
-0.01397218465371733
-0.013674479567836092
-0.020119835993896093
-0.022126634029764412
-0.0245187201870711
-0.052529256100160945
-0.05331833222639901
-0.05277968006075263
-0.07606847987115536
-0.07427003133498651
-0.07909086072058029
-0.08871441684435627
-0.0867877350341619
-0.08458308382443029
-0.07133573004853813
-0.07041597185862475
-0.07487087523195864
-0.08582058291791964
-0.08449200823715595
-0.08267885485333795
-0.016753502969599883
-0.015413683636353512
-0.012013086281558227
-0.029401247839701043
-0.02845127213326419
-0.025083018928401764
-0.019153709610263765
-0.017286833462427424
-0.017719172282399737
-0.049776690221496035
-0.050576176320111035
-0.05019998414075975
-0.030730954391109212
-0.03599023444999787
-0.03549031917430775
-0.04838727759393157
-0.04805438025510528
-0.047750667972036115
-0.03512232062808275
-0.038006593941703366
-0.037160935400749114
-0.03062298061123219
-0.033289342857683625
-0.03248081185835999
-0.06702982938763875
-0.06589686395936986
-0.07038446796343363
-0.08330183003115414
-0.08202694164571271
-0.08019162993232803
-0.06151481093646439
-0.060977206654700314
-0.06394219177844039
-0.07995741564480119
-0.07938483540487878
-0.07825118410101617
-0.05680024512557565
-0.05654673449592788
-0.05769712036676183
-0.07636007064973402
-0.07628945490629517
-0.07572473805145902
-0.02118219635523925
-0.021588407664412272
-0.0220187025226917
-0.07235086207968215
-0.07291638221696517
-0.07314711160405232
-0.019559825524158157
-0.01974272041036737
-0.018027617684697128
-0.018442604708336616
-0.018407628750178623
-0.014308992322575759
-0.016272000643515246
-0.01613007768634304
-0.009807161968894404
-0.014510885570841023
-0.01407603637853135
-0.007729729546895729
-0.012945781483348169
-0.012518834698408959
-0.005413973029366422
-0.011464052037288763
-0.011551474529182232
-0.005402445866949165
-0.010496597017110877
-0.010845314566264195
-0.007029091152570408
-0.009570790541448632
-0.00994901477749549
-0.008332889444246046
-0.05710551607997179
-0.057159375094686556
-0.05277842828205158
-0.06503998933924768
-0.06557966266421573
-0.06621895262762602
-0.01765632320282225
-0.012064145805107377
-0.012260348797728363
-0.01578269022865103
-0.0175650172495046
-0.019620627235859386
-0.04652218521932257
-0.04573630899112103
-0.04492489478653531
-0.05116866572444276
-0.0513279745525529
-0.05112840908136055
-0.022521748233039596
-0.0229379527076004
-0.024603248192530732
-0.06852717384045154
-0.06889574636711421
-0.06920121356805804
-0.05642240775914442
-0.0567409793285107
-0.0532411834264501
-0.06249881145657828
-0.0635999680488146
-0.0633779378201801
-0.0556108757143286
-0.05610068543089849
-0.05477320357541308
-0.060759735302272605
-0.06176665459022406
-0.06084547122850223
-0.016176254820788483
-0.014014025474610552
-0.014677999082228312
-0.04416852214058684
-0.043990922150069875
-0.043471604143278116
-0.00848864889874332
-0.008762656001286376
-0.008462140537583509
-0.016145443959859746
-0.010342294624961773
-0.010714587949232333
-0.04168187371275275
-0.04126165605324689
-0.04100304171663093
-0.02553642975289301
-0.0309193614282851
-0.030288453767398568
-0.01295606925602673
-0.014572966060123876
-0.01601967679717985
-0.04006933106656673
-0.0392567093503388
-0.03902588945850824
-0.013479797962721992
-0.011483883799431202
-0.011568928668598587
-0.03852144471579421
-0.037990541073748926
-0.03737846536059552
-0.02298274460166185
-0.027682686660749755
-0.02672394900796491
-0.03727978330114674
-0.036314886889899034
-0.03584749755447036
-0.027992267319798245
-0.029976896675459292
-0.028793605061049773
-0.046005425607411894
-0.04595779365951377
-0.04459796537552728
-0.04125233705337815
-0.040267893492596074
-0.039089858898224784
-0.06516411167391853
-0.06530246573392445
-0.06555213687848861
-0.02477587535353718
-0.02637530163593374
-0.027788149766736325
-0.06212309757853511
-0.06272167338835449
-0.06244609497029484
-0.023911774620540397
-0.02503457224132835
-0.026462277980263973
-0.025161347097847453
-0.026420304756031496
-0.027757579966311993
-0.058982660526540026
-0.058981035816523746
-0.059277976517118476
-0.024612783897505368
-0.02582052198642005
-0.027180127177658924
-0.05600347896735294
-0.05613229213027917
-0.05610967678816942
-0.02407174135365803
-0.025297407549344026
-0.02733705263753956
-0.053828114402179245
-0.05319851119242402
-0.05341836875305022
-0.006858336842392597
-0.007861419930048854
-0.008608301591973847
-0.006177349159076602
-0.006684156573445899
-0.007988441161427528
-0.017649424972053455
-0.01602295564676338
-0.0048377608085145435
-0.027112175447004342
-0.025848329938235094
-0.02236374173262247
-0.022333098334944557
-0.023124328272136594
-0.0364809004278606
-0.05466852539016202
-0.05515612160252578
-0.0555463205609146
-0.059187533924052786
-0.05982524669285144
-0.058772722435690115
-0.05338369931786202
-0.054337196308782726
-0.05603070361056461
-0.057724209258914874
-0.058835703592909384
-0.05735337013358729
-0.01394631781218571
-0.013709865343766212
-0.018823941703986064
-0.025099919577249042
-0.023696342227646595
-0.02033902399665595
-0.008887107769716693
-0.008072105496320712
-0.0006699572350221806
-0.017441646314096008
-0.01822543337749346
-0.03012806683691014
-0.052161495728952165
-0.05298081042817319
-0.05578602972105647
-0.05665824473653697
-0.057317213366288824
-0.056809768052719985
-0.050812192496812396
-0.05150048576422639
-0.05320164467365272
-0.055948668057645784
-0.05645086399157653
-0.056508275830171435
-0.010771388727864692
-0.01166805741157754
-0.01364293072641114
-0.036252528963822535
-0.03412462869562475
-0.03413362839266249
-0.013244149235935448
-0.011792642041598323
-0.008328973121884131
-0.02269943347797016
-0.021629560972495895
-0.018435809590354114
-0.014098019616171784
-0.012719742703050154
-0.0037903258898677483
-0.020913979784078062
-0.01971626650381227
-0.016269674740699312
-0.0490848167136515
-0.04993884043351312
-0.052480408582184945
-0.05471678334376249
-0.05529384578322014
-0.05625132370040578
-0.01429703869948486
-0.008632200229149277
-0.009123548546505432
-0.010746975142014932
-0.008799034345683429
-0.009468316155495916
-0.03350677092170426
-0.033083703460481964
-0.0315725231200002
-0.012360496490246268
-0.006602457466630712
-0.007476862495287245
-0.00841915269861095
-0.009363121086414345
-0.01100958773203352
-0.031416490131788405
-0.030816202142535894
-0.02993449108966444
-0.028614996919220856
-0.028603757304109394
-0.027475234961394885
-0.019055993641542115
-0.024213744675905185
-0.022457628594377176
-0.008230414966622752
-0.0063957000199907806
-0.007711154831754479
-0.02674305379046965
-0.02628548252743922
-0.02598609479796611
-0.025041646753072213
-0.02650665727431772
-0.025809536691996923
-0.022759795779689285
-0.02428466911479853
-0.022104206964504273
-0.03734722222499802
-0.03634637175242074
-0.03465794520355849
-0.0338213134286927
-0.03256073106049228
-0.03152039655080646
-0.03139069506984765
-0.030311770143859138
-0.02892954961051048
-0.022747364769783035
-0.024423946759543916
-0.026328404465050467
-0.023051845423859078
-0.024665596685006747
-0.02567845688500107
-0.051560879860840556
-0.04987516683808511
-0.04996896001655985
-0.048750507933422046
-0.04740247914165788
-0.0472308921699624
-0.02175983657538073
-0.024750716216272166
-0.025068472743829562
-0.04612246371996885
-0.04578352373155236
-0.04459799491533793
-0.024791786432057778
-0.024759646767018684
-0.026581639559848425
-0.0441006129820373
-0.043191243128163054
-0.04248025543078866
-0.024028087454930937
-0.0264863000851564
-0.028135679518346196
-0.04243203379543195
-0.04126817575427252
-0.04020972647244363
-0.0263581333569905
-0.028287201183147353
-0.030601606194816385
-0.040657301526609825
-0.039494768142365064
-0.038333263540945274
-0.027473433923690664
-0.030209245912693816
-0.03079993359162117
-0.039663655394086804
-0.03820513251544405
-0.036934197408643704
-0.011380525184663278
-0.010547190493333483
-0.014422746479933798
-0.019231695971570803
-0.017340807114758897
-0.01260720368652942
-0.010507941069883219
-0.009230745259561792
-0.0056456319911773285
-0.017455305040503882
-0.016160806277479872
-0.011442535639010376
-0.0065752473004897505
-0.0055389466519475666
0.0021827361133054408
-0.013241622791745724
-0.013400371181154865
-0.023142830045320067
-0.046946967310349724
-0.047870780083823845
-0.049930020264810006
-0.05358893166672159
-0.053624016741663595
-0.0548571772272342
-0.04453179885975968
-0.04575587963958655
-0.047957311296208685
-0.052471014711385995
-0.05219984575530984
-0.05385398254309065
-0.0312518678513276
-0.03150431974023806
-0.03070159271381086
-0.038468911959660734
-0.03684716552848024
-0.03528149609265951
-0.032511499267637675
-0.031014257848529982
-0.03073885570291181
-0.03700226657965757
-0.03544549763513046
-0.033343219896516126
-0.041216783865165266
-0.042898527368557295
-0.04554875457520308
-0.05109530835206905
-0.050569380240032005
-0.052469186687305394
-0.010513180774131358
-0.004981191954137641
-0.006220701208838008
-0.02604627627941286
-0.025498976486515355
-0.0249904314941504
-0.015533095505281477
-0.020517784532377712
-0.0187697302853124
-0.005659420278342471
-0.007104526971601377
-0.008540987047852635
-0.024743823079196644
-0.022579289992685103
-0.020983730325852636
-0.0185126388238469
-0.01988978250744844
-0.018274939966211635
-0.029756373048521297
-0.027901103643079964
-0.02608131611551068
-0.03113862610740489
-0.030527124292781635
-0.03202986163848393
-0.031918286091521725
-0.03084441143379547
-0.03135402637377524
-0.023620950595533756
-0.021458613323840754
-0.02323220911595789
-0.02479632473497505
-0.022526485948516462
-0.02394060580732458
-0.03751325067040461
-0.039506848593604656
-0.04206052291181772
-0.049380735646243956
-0.04874830905007089
-0.05018493353551842
-0.03353247293698877
-0.034490505747257476
-0.03849341969755488
-0.04754225324840916
-0.046142044235813785
-0.04740332085718957
-0.028876124550788144
-0.02966889133471411
-0.033775926535962654
-0.0446489812175156
-0.04396833473181185
-0.043685781785119344
-0.01577285666672746
-0.014299443397097798
-0.009909855249156614
-0.014009780311420396
-0.011651538488556367
-0.008909901159634588
-0.011867484975839372
-0.009241460456466274
-0.008124410623700642
-0.009878524486903791
-0.007670852871474716
-0.006920432112102342
-0.007939215851626302
-0.0064439661157232936
-0.005896671246882067
-0.006641964356371822
-0.005753236657839795
-0.004927156962424266
-0.005565485368605194
-0.0053550053497070866
-0.004761507041724613
-0.00482214620238366
-0.004840098894856771
-0.00412752563995031
-0.0039700205363301785
-0.004129049330671796
-0.0033157571505576977
-0.003139219587884462
-0.003914118777665342
-0.0029051846574020238
-0.011384272207476176
-0.009736163313888989
-0.0006440323943118537
-0.01604607660393305
-0.014648291200628999
-0.009327009411674862
-0.009091966364486167
-0.008311611137031626
-0.011379844449795685
-0.014816903384217655
-0.013004409596101593
-0.00818887485600861
-0.005004482409082928
-0.00408686712192779
0.0032767187827739885
-0.009462750474950862
-0.009825374291471652
-0.017525980924108026
-0.02437919880772763
-0.024817454311982026
-0.028679125116846175
-0.042280318598193575
-0.041516954837480254
-0.04003284238591774
-0.01952604644068773
-0.018884076082332977
-0.013010474762108952
-0.017901119790465974
-0.01669950052549824
-0.011353717269071344
-0.03971445623657937
-0.03936867190847704
-0.0369854988675015
-0.020562998129073695
-0.01932321900810195
-0.01467492790961399
-0.03652011614466241
-0.03634698713595761
-0.03426346624670245
-0.004977324137868449
-0.005446069710271666
-0.007750804813452873
-0.008519775524674707
-0.0073124684396047145
-0.002366744046381944
-0.013277875019004654
-0.011885363802115209
-0.007502346749918317
-0.007494099244728702
-0.006406617706445558
-0.00868518187818736
-0.008832941190346498
-0.007386608274224266
-0.0005854932817730714
-0.01113773793251309
-0.009118903941102832
-0.003214375179616618
-0.012055820878676543
-0.01033250577047464
-0.004994048935695679
-0.006895928882969678
-0.005242155202870377
0.0016818450912328882
-0.010118739627327778
-0.008111142849990198
-0.0016484211732891905
-0.003405438189323585
-0.002574670100088292
0.005523043455245786
-0.004661804396456865
-0.004912127886740015
-0.008682977017362955
-0.006815960167906257
-0.006996523800762121
-0.012479348850831655
-0.020188409795891687
-0.020484595826144068
-0.023975024105392432
-0.01595711801558874
-0.017023768127855658
-0.019588538337088433
-0.021154690293386014
-0.020153557752426624
-0.016123378267879022
-0.034014800730029666
-0.03392166187447459
-0.031092573253247595
-0.02085728618735767
-0.020278567440431307
-0.01704996504856825
-0.03138548057816546
-0.03127989514694213
-0.028837766985639966
-0.02101362215128646
-0.02053659402533872
-0.017869339433340993
-0.029180971296939844
-0.02915815777147089
-0.025924696936136502
-0.021259824048770855
-0.020771503045478597
-0.01883409323163912
-0.027730219759795425
-0.027124934968943314
-0.023915584717055176
-0.021313801714508
-0.020837769723090576
-0.019572956441171952
-0.025791761818674264
-0.025228618943716474
-0.021928988096189095
-0.0026530470577435265
-0.0032905945535546205
-0.0021796437581708414
-0.0019259798996138922
-0.0027200716630752055
-0.0016637119991664744
-0.0014145993009769375
-0.0019468608335638116
-0.0014537773763670142
-0.005505845801222327
-0.004803038960789754
-0.005763694259984253
-0.023397148157367417
-0.020698858182586516
-0.01811047921013375
-0.008405254232918252
-0.003569720812642832
-0.004824952488723192
-0.02068807722103249
-0.018134975741474803
-0.015888197746835423
-0.0035652659087171174
-0.0032140190729861226
-0.004105302109157018
-0.002823919384749207
-0.00476723693313217
-0.006257603033891707
-0.017750504255545252
-0.016530389024986183
-0.014168072794501723
-0.016187724480155048
-0.013959711596995448
-0.012406075049521233
-0.012282822988114239
-0.014565254928831968
-0.011063245258112234
-0.008716977646241903
-0.009316328224308567
-0.008554594491012635
-0.014756482003515604
-0.011760992021520195
-0.011893596263832268
-0.017891302356145108
-0.015895819221796757
-0.012346784950149504
-0.028813515091057586
-0.02545122007854119
-0.023640555551509426
-0.004051017637084213
-0.003896350774914946
-0.0055178972082170355
-0.0030477226196727824
-0.002862697232300005
-0.0057975831961306745
-0.006974854166056018
-0.0055772842406168685
0.0007338160855464942
-0.008840815642203221
-0.006955814777387921
-0.00031294203105807704
-0.005860088939909199
-0.004465247141920771
-0.005836871387437394
-0.008239341865094065
-0.006029516206521677
0.001071303837123924
-0.00477519084818407
-0.0035293052618563738
0.005610287050878688
-0.006850407368378519
-0.004923598655929029
0.0017869282391396336
-0.002341358831509434
-0.0015472505713454326
0.006819070969968859
-0.003222879688330048
-0.00294589749625038
-0.004408555653922597
-0.01286011043664364
-0.013768104122047943
-0.01496919498536866
-0.021721083634906775
-0.020944352949743134
-0.019680674100421628
-0.02461742996844323
-0.02397806319274628
-0.019959680540037526
-0.021962809708928045
-0.02139108573654982
-0.019791229095402558
-0.023673186583585217
-0.023101283866760327
-0.019129248602808194
-0.0223089620399638
-0.021776014935593807
-0.020429568835136837
-0.022942374469528855
-0.022395302887804017
-0.019162788327544606
-0.021867860707638274
-0.0216915469760313
-0.01990022582754706
-0.02225792219291983
-0.02186015350962509
-0.019375689840490623
-0.02164274646697058
-0.02139348017097465
-0.020359144958690067
-0.021861107193472153
-0.02139348017097465
-0.019603539396559903
-0.00111851309136966
-0.0014237637687670099
-0.0009611754947429384
-0.0008870176706303234
-0.0008090398565506806
-0.0005670313584210728
-0.006039504357273708
-0.002444663797211626
-0.0033390017728196276
-0.0009030591094943536
-0.0030386187981816886
-0.004015514586515103
-0.01335374336948603
-0.01130618942544501
-0.010040507939514226
-0.0038864631736324914
-0.001138164570172341
-0.0021453065655387743
-0.0015201108028447988
-0.0018304462335916921
-0.0027615889295097636
-0.011844934807015503
-0.00956984227384946
-0.009722913585072749
-0.010511805230102098
-0.008093193993797392
-0.008299078429197014
0.000113067741454392
-0.0013646312942007571
-0.0028001676336555903
-0.007001083654820184
-0.006738948523384348
-0.007875807777208872
-0.006625342056469617
-0.006955029423625051
-0.006153771863658239
-0.0004876350844570689
-0.0007138374497232031
-0.0018552585642128928
-0.005580375086759697
-0.006205911419817572
-0.007307521147427368
-0.012622458571437947
-0.010745692524009321
-0.008300772940364212
-0.010324824004170707
-0.007739396040257769
-0.00696132465556298
-0.02569866250956301
-0.02273688245665112
-0.021552435284961362
-0.02436262714458817
-0.021032807515280194
-0.01952952217150841
-0.019308826549979573
-0.01843159636114436
-0.01589861587094029
-0.013000335772846674
-0.009337256228089487
-0.01286872055423393
-0.014342439832163486
-0.010394624938901238
-0.014334063466941254
-0.0013421040593168147
-0.001057368710811753
-0.0014653429127073165
-0.0011753741394412906
-0.0010678726246757103
-0.0007083966913666891
-0.0007796599841168328
-0.00031728714101383475
0.0006758352647086942
-0.00030462355816624333
-0.0002439101919043589
0.00047400760237066
-0.0002722127798551871
-0.0001516108010935824
0.00042016316272415325
-0.00013855618291566164
-9.171094638920127e-05
-0.00018484406600387376
-0.010528194390807743
-0.011001327706510834
-0.011787801937071785
-0.020932837521521093
-0.020823752250886687
-0.019252384093133713
-0.021191774905738196
-0.020967040280081166
-0.019466534441020936
-0.020152965455319576
-0.020200296883755086
-0.019096662020945867
-0.02052157130738817
-0.020357791576381987
-0.01957940263187261
-0.019321097976931184
-0.01962949419651707
-0.019118575544050102
-0.019932851065212275
-0.01999208157700448
-0.019759150189024827
-0.01801954179791794
-0.01871554649508669
-0.018535808098000577
-0.019023214764303582
-0.0191832349990734
-0.01942497358682018
-0.01667945368519943
-0.01747210673394077
-0.017586626860344984
-0.018094354273304913
-0.01822863006052288
-0.018703199408355266
-0.0006804564603531454
-0.0006928873519676203
-0.00036869632390249235
-0.0006274167011767333
-0.0005936114535484481
-0.0001339684943611925
-0.0023415009331920287
-0.00033578506708312086
-0.0014823284398513595
0.0007729922153332461
-0.00047632950294257837
-0.0016286788637579113
-0.0052498029290566645
-0.0058667150087526685
-0.005171125978131678
-0.0034731453615381973
-0.004663659097638706
-0.004782624261713325
0.0002335949837001005
-0.00015997107804297477
-0.0013106435790487694
-0.002278728399313114
-0.0024379318999873502
-0.0025647268417900507
-0.002908301995864638
-0.005530929941669547
-0.0036887975382803185
-0.005092740002302627
-0.005492073970094368
-0.005452262583214474
-0.018403946340501024
-0.014781875669116101
-0.012074046954097514
-0.014299168169619344
-0.011169540638305568
-0.0077765012662488284
-0.0025893983147930485
-0.002249699694909621
-0.004597046772114315
-0.004357006416751733
-0.0036826367215623203
0.0016152153627050883
-0.005558296769920126
-0.004267025228023653
0.0031977334970845336
-0.0032379738013097992
-0.0026034698768902516
-0.0038248423538440263
-0.004502596854369752
-0.0031575737195892054
0.004047474179057869
-0.0029632715433530405
-0.002022937864812457
0.007634645598294898
-0.003693882028964801
-0.002539947604433075
0.005412413315747311
-0.0027482081159466635
-0.0015883553186411062
0.0045659695651142
-0.003274936587201305
-0.0017957089260849629
0.006857988384008455
-0.0012646230530599521
-0.0005541038426989546
0.00787231653290189
-0.008167349145653362
-0.008621563746132176
-0.008055357502795573
-0.015078309070510477
-0.016061995111747635
-0.016113837958170004
-0.01701231623112775
-0.017139294618984464
-0.017306035041077174
-0.01399499535843514
-0.014117242466372791
-0.013954236235428944
-0.016355603574704683
-0.015973075777215177
-0.015370253781397381
-0.01251500243335149
-0.012470233441583833
-0.012304811928167113
-0.015101702573215005
-0.014999064408203956
-0.014041242336429007
-0.002586700139863522
-0.0025288309666201257
-0.0017364304082618904
-0.003046958431699615
-0.003010888407050988
-0.0020728936390220893
-0.01368421306426476
-0.014039903990067633
-0.012779741877610797
-0.00236060821626954
-0.0018558333108423765
-0.0014160175459684366
-0.0019340071606172575
-0.0010772995072368299
-0.0011921970829072007
-0.0014149005881054872
-0.000756523326582105
-0.0011165725480102838
-0.0010036729663856407
-0.0004676885039867061
-0.0008891654888196187
-0.0006117530882810865
-0.00036258738048741164
-0.0006405746449747366
-0.0003686058520685926
-0.00015749469262690195
-0.0004827406109267612
-0.006470395711024537
-0.00635343192346473
-0.005081491485416156
-0.010637254632565154
-0.011029015583016647
-0.010706848238588695
-0.002927117506805652
-0.0030047915277822213
-0.002422863505103299
-0.012196816895146102
-0.012549491704801666
-0.01110042723298138
-0.002948505026828141
-0.002674092126721523
-0.0026197268136050867
-0.01116033824594502
-0.011107648972140146
-0.009776347650064647
-0.0017050616752326666
-0.0012256868604788719
-0.004560338268531101
-0.0015391053816578907
-0.000752909699474339
0.0007587414842805673
-0.0022935675279081493
-0.0011791903310766853
0.007284537417906913
-0.0015395265420518206
-0.0003600022194066674
0.008391004898266292
-0.0016496524482560795
-0.0005121446552671259
0.005761202749279031
-0.0007544621462502573
-0.00042628063160234564
0.0065257959336263395
-0.0018659614761472045
-0.0013785305367710495
-0.0010467581166045843
-0.00120129035316839
-0.0005843885064613337
0.0015825181343794468
-0.0007780845974169218
-0.00022043461974002821
0.005579173719877005
-0.001092413955866666
-0.0003307139522334393
0.0064000682033085975
-0.0003862902229224006
7.957151487416566e-05
0.002469347994011227
-0.0008560571306587987
-7.009286855750983e-05
0.007990122802859708
-0.0004697669077363982
-0.0001496643834316755
0.0055207748088484864
-0.00289634633353644
-0.0030337102430031317
-0.000279006439615944
-0.004477960104166235
-0.004390849220625887
-0.002356031655017237
-0.000661833040182929
-0.0005170097396206172
-0.0032011241411750062
-0.00011012590620425868
-0.0001521424358604584
-0.00262980214898727
-0.0005264866748839871
8.767304496975581e-05
0.008666753328569012
-0.0005264866748839871
8.767304496975581e-05
0.007627291167582012
-0.00037854143303464626
0.00010012642868647869
0.007286978869470048
-0.00044502269454039964
0.00010012642868647869
0.008277570792973761
-0.00011317316026137779
0.0001480871088302356
0.00482140881191127
-0.0002774031289429657
0.00017127004416373488
0.008153531284958106
-0.0002774031289429657
0.00013777038969382078
0.007413733693351238
-0.0002774031289429657
0.00013777038969382078
0.007413733693351238
-0.0005267284712546417
-0.00020735360744385646
0.002292018818894249
-0.0006334124295650521
-0.0006192879522102073
0.0012667805075922286
-0.0017103768746571694
-0.0017101981302105015
0.000661980492594353
-0.008211833219116888
-0.008433556845418622
-0.007156620836459572
-0.009269699388340467
-0.00954470017701945
-0.008677563727878078
-0.005431708284442142
-0.0052952777240582345
-0.0037140387801864023
-0.006841375886676545
-0.006686252478079076
-0.005226177349794746
-0.008787120358405169
-0.008440663308998543
-0.006697749371220471
-0.010082587236797192
-0.009722301694439044
-0.00820462175299679
-0.0022664939953465947
-0.001914371387559627
-0.0008451250576476855
-0.002981989249806102
-0.002761823961036771
-0.0015902176919531952
-0.004370352501801499
-0.004121608293347582
-0.0027428450719182095
-0.0049789177240973145
-0.004900303174313305
-0.0035242134477077936
-0.0063251491864380035
-0.00579256004267333
-0.004648513472553952
-0.007342868130389456
-0.007230677053840562
-0.0056708357244147755
-0.0017155788976945994
-0.0016436463254104665
-0.0011753835237183182
-0.002195300814906893
-0.0023135244204519974
-0.0018055962358441411
-0.0012759234864177492
-0.001254669969477828
-0.00036719331990091466
-0.0019537793961554033
-0.0017812624599794526
-0.0012276202803933438
-0.0029157554255554445
-0.0029194557575941806
-0.0018913454248310313
-0.0039104765758823995
-0.0038431148563580543
-0.00258195940876715
0.0
0.0
0.0
-0.0005200346139156407
-0.0008646774152350916
-0.0003376632837597465
0.0
0.0
0.0
-0.0005579287075910752
-0.0008816959084905696
-0.00024855902916729155
-0.00263455308946465
-0.0025884448868802278
-0.0022147660888662364
-0.002712423728750717
-0.0029859317867536837
-0.002679088390060109
-0.0033431599366318984
-0.0030307360816365634
-0.0030582957806007498
-0.0029725156285879554
-0.0031090687604929798
-0.0029279906524965586
0.0
0.0
0.0
0.0
0.0
0.0
-0.0033554120739630287
-0.003145385584940308
-0.0029837105910340655
-0.0032412113501206546
-0.0030360492163599775
-0.0029784444032020492
-0.00017957899787934668
0.00021614932263437848
0.006656900178837772
-0.00017957899787934668
0.00021614932263437848
0.006656900178837772
-0.00016422996868158785
2.3182935333499274e-05
0.0033321224730468346
-0.00031432935844974424
-0.00011027933249341101
0.0008208944834315857
-0.0007204546106485518
-0.0006059313371421836
-8.574918898689063e-05
-0.0010963776781580516
-7.718611028593738e-05
-0.0005413275543974191
0.000743805639423769
-0.0011898011142427725
-0.000825308371149914
0.0007860465897103597
-7.202791352121362e-05
-0.0005605670029501287
0.0007860465897103597
-7.202791352121362e-05
-0.0005605670029501287
0.0018401833175818209
-0.001112615003956835
-0.000283980816752495
0.0005268455368764787
-2.448232436023297e-05
-0.00037357514508029404
0.0008266900470236936
-2.3351325126790637e-05
-0.0004518252195640045
0.001013937646312277
-9.705110538893003e-06
-0.0001720779927570554
0.0007340951722502357
-9.705110538893003e-06
-0.0001720779927570554
-0.0025123233830132157
-0.0022779608219443757
-0.0012540832627412814
-0.0120516652874805
-0.00790417565636104
-0.00594941975101872
0.0
0.0
0.0
0.0
0.0
0.0
0.0
-3.8026320912144485e-05
4.484392011985088e-05
-1.3809159989420295e-05
0.00016582447211895986
0.004553944667061528
1.3795500153038993e-06
0.0002193175846487069
0.005928173284916627
-0.0003701548449617802
-0.00016860653359378452
0.0007369794567920349
-6.648126150575333e-05
0.0
0.0009905919235037109
-0.00023820049846080382
-0.00013761613456898615
-5.223675667502493e-05
-3.789409367543444e-05
-1.7018493255477907e-05
8.910425459245487e-05
0.0
0.0
-0.0010394621609870044
-1.8744891293286692e-05
0.00013704151965683895
0.003211061824312096
-1.8744891293286692e-05
0.00013704151965683895
0.003211061824312096
1.5188710004724194e-05
5.349311252974705e-05
0.0013742286178550964
-6.877744542883272e-05
0.0
0.000978891858627439
-0.00039901897251118465
-0.0003633949709022801
-7.557360198039938e-05
-0.0002798424740620417
0.0
0.0
0.0006010903023937709
-1.0836109772335335e-05
-0.0001720779927570554
0.0006010903023937709
-1.0836109772335335e-05
-0.0001720779927570554
0.0005896108245169802
-1.0836109772335335e-05
-9.382791827334494e-05
0.0006156435259765815
-1.0836109772335335e-05
-0.0001720779927570554
0.00029984451014721485
1.1309992334423313e-06
-7.825007448371046e-05
-0.006944831328477967
-0.0051912349871485975
-0.005000066541572883
0.0
0.0
0.0
-0.000258937384217103
-0.00014328802919447164
-0.0002141503478872357
-0.00014958328107273004
0.0
-0.00022328629649728723
0.0004989236050640963
-1.0836109772335335e-05
-8.161890188522403e-05
0.0004818394961282688
-1.0836109772335335e-05
-8.161890188522403e-05
-0.004186143753853664
-0.0041873295946961275
-0.003078371795975013
0.0
0.0
0.0
0.0
0.0
0.0
0.0
5.2879953576108646e-05
0.000769060328879347
0.0
5.2879953576108646e-05
0.000769060328879347
-0.0001693200677966136
-0.00018308224203499252
-7.557360198039938e-05
9.937242582971919e-05
-1.0836109772335335e-05
-5.100589540451264e-05
9.937242582971919e-05
-1.0836109772335335e-05
-5.100589540451264e-05
2.6032701459601353e-05
0.0
-7.825007448371046e-05
-1.9906640319765146e-05
0.0
-0.00021244346973560012
-1.708410893582748e-05
0.0
0.0
5.020070630188105e-05
0.0
-5.100589540451264e-05
5.020070630188105e-05
0.0
-5.100589540451264e-05
-5.99938230177786e-05
0.0
-7.557360198039938e-05
-7.709799288495845e-06
0.0
0.0
3.842235058936101e-05
0.0
-3.098542252797216e-05
4.6132149877856855e-05
0.0
-3.098542252797216e-05
0.0
0.0
0.0
0.0
0.0
0.0
0.0
0.0
0.0
0.0
0.0
0.0
0.0
0.0
0.0
0.0
0.0
0.0
0.0
0.0
0.0
0.0
0.0
0.0
0.0
0.0
0.0
0.0
0.0
0.0
0.0
0.0
0.0
0.0
0.0
0.0
0.0
0.0
0.0
0.0
0.0
0.0
0.0
0.0
0.0
0.0
0.0
0.0
0.0
0.0
0.0
0.0
0.0
0.0
0.0
0.0
0.0
0.0
0.0
0.0
0.0
0.0
0.0
0.0
0.0
0.0
0.0
0.0
0.0
0.0
0.0
0.0
0.0
0.0
0.0
0.0
0.0
0.0
0.0
0.0
0.0
0.0
0.0
0.0
0.0
0.0
0.0
0.0
0.0
0.0
0.0
0.0
0.0
0.0
0.0
0.0
0.0
0.0
0.0
0.0
0.0
0.0
0.0
0.0
0.0
0.0
0.0
0.0
0.0
0.0
0.0
0.0
0.0
0.0
0.0
0.0
0.0
0.0
0.0
0.0
0.0
0.0
0.0
0.0
0.0
0.0
0.0
0.0
0.0
0.0
0.0
0.0
0.0
0.0
0.0
0.0
0.0
0.0
0.0
0.0
0.0
0.0
0.0
0.0
0.0
0.0
0.0
0.0
0.0
0.0
0.0
0.0
0.0
0.0
0.0
0.0
0.0
0.0
0.0
0.0
0.0
0.0
0.0
0.0
0.0
0.0
0.0
0.0
0.0
0.0
0.0
0.0
0.0
0.0
0.0
0.0
0.0
0.0
0.0
0.0
0.0
0.0
0.0
0.0
0.0
0.0
0.0
0.0
0.0
0.0
0.0
0.0
0.0
0.0
0.0
0.0
0.0
0.0
0.0
0.0
0.0
0.0
0.0
0.0
0.0
0.0
0.0
0.0
0.0
0.0
0.0
0.0
0.0
0.0
0.0
0.0
0.0
0.0
0.0
0.0
0.0
0.0
0.0
0.0
0.0
0.0
0.0
0.0
0.0
0.0
0.0
0.0
0.0
0.0
0.0
0.0
0.0
0.0
0.0
0.0
0.0
0.0
0.0
0.0
0.0
0.0
0.0
0.0
0.0
0.0
0.0
0.0
0.0
0.0
0.0
0.0
0.0
0.0
0.0
0.0
0.0
0.0
0.0
0.0
0.0
0.0
0.0
0.0
0.0
0.0
0.0
0.0
0.0
0.0
0.0
0.0
0.0
0.0
0.0
0.0
0.0
0.0
0.0
0.0
0.0
0.0
0.0
0.0
0.0
0.0
0.0
0.0
0.0
0.0
0.0
0.0
0.0
0.0
0.0
0.0
0.0
0.0
0.0
0.0
0.0
0.0
0.0
0.0
0.0
0.0
0.0
0.0
0.0
0.0
0.0
0.0
0.0
0.0
0.0
0.0
0.0
0.0
0.0
0.0
0.0
0.0
0.0
0.0
0.0
0.0
0.0
0.0
0.0
0.0
0.0
0.0
0.0
0.0
0.0
0.0
0.0
0.0
0.0
0.0
0.0
0.0
0.0
0.0
0.0
0.0
0.0
0.0
0.0
0.0
0.0
0.0
0.0
0.0
0.0
0.0
0.0
0.0
0.0
0.0
0.0
0.0
0.0
0.0
0.0
0.0
0.0
0.0
0.0
0.0
0.0
0.0
0.0
0.0
0.0
0.0
0.0
0.0
0.0
0.0
0.0
0.0
0.0
0.0
0.0
0.0
0.0
0.0
0.0
0.0
0.0
0.0
0.0
0.0
0.0
0.0
0.0
0.0
0.0
0.0
0.0
0.0
0.0
0.0
0.0
0.0
0.0
0.0
0.0
0.0
0.0
0.0
0.0
0.0
0.0
0.0
0.0
0.0
0.0
0.0
0.0
0.0
0.0
0.0
0.0
0.0
0.0
0.0
0.0
0.0
0.0
0.0
0.0
0.0
0.0
0.0
0.0
0.0
0.0
0.0
0.0
0.0
0.0
0.0
0.0
0.0
0.0
0.0
0.0
0.0
0.0
0.0
0.0
0.0
0.0
0.0
0.0
0.0
0.0
0.0
0.0
0.0
0.0
0.0
0.0
0.0
0.0
0.0
0.0
0.0
0.0
0.0
0.0
0.0
0.0
0.0
0.0
0.0
0.0
0.0
0.0
0.0
0.0
0.0
0.0
0.0
0.0
0.0
0.0
0.0
0.0
0.0
0.0
0.0
0.0
0.0
0.0
0.0
0.0
0.0
0.0
0.0
0.0
0.0
0.0
0.0
0.0
0.0
0.0
0.0
0.0
0.0
0.0
0.0
0.0
0.0
0.0
0.0
0.0
0.0
0.0
0.0
0.0
0.0
0.0
0.0
0.0
0.0
0.0
0.0
0.0
0.0
0.0
0.0
0.0
0.0
0.0
0.0
0.0
0.0
0.0
0.0
0.0
0.0
0.0
0.0
0.0
0.0
0.0
0.0
0.0
0.0
0.0
0.0
0.0
0.0
0.0
0.0
0.0
0.0
0.0
0.0
0.0
0.0
0.0
0.0
0.0
0.0
0.0
0.0
0.0
0.0
0.0
0.0
0.0
0.0
0.0
0.0
0.0
0.0
0.0
0.0
0.0
0.0
0.0
0.0
0.0
0.0
0.0
0.0
0.0
0.0
0.0
0.0
0.0
0.0
0.0
0.0
0.0
0.0
0.0
0.0
0.0
0.0
0.0
0.0
0.0
0.0
0.0
0.0
0.0
0.0
0.0
0.0
0.0
0.0
0.0
0.0
0.0
0.0
0.0
0.0
0.0
0.0
0.0
0.0
0.0
0.0
0.0
0.0
0.0
0.0
0.0
0.0
0.0
0.0
0.0
0.0
0.0
0.0
0.0
0.0
0.0
0.0
0.0
0.0
0.0
0.0
0.0
0.0
0.0
0.0
0.0
0.0
0.0
0.0
0.0
0.0
0.0
0.0
0.0
0.0
0.0
0.0
0.0
0.0
0.0
0.0
0.0
0.0
0.0
0.0
0.0
0.0
0.0
0.0
0.0
0.0
0.0
0.0
0.0
0.0
0.0
0.0
0.0
0.0
0.0
0.0
0.0
0.0
0.0
0.0
0.0
0.0
0.0
0.0
0.0
0.0
0.0
0.0
0.0
0.0
0.0
0.0
0.0
0.0
0.0
0.0
0.0
0.0
0.0
0.0
0.0
0.0
0.0
0.0
0.0
0.0
0.0
0.0
0.0
0.0
0.0
0.0
0.0
0.0
0.0
0.0
0.0
0.0
0.0
0.0
0.0
0.0
0.0
0.0
0.0
0.0
0.0
0.0
0.0
0.0
0.0
0.0
0.0
0.0
0.0
0.0
0.0
0.0
0.0
0.0
0.0
0.0
0.0
0.0
0.0
0.0
0.0
0.0
0.0
0.0
0.0
0.0
0.0
0.0
0.0
0.0
0.0
0.0
0.0
0.0
0.0
0.0
0.0
0.0
0.0
0.0
0.0
0.0
0.0
0.0
0.0
0.0
0.0
0.0
0.0
0.0
0.0
0.0
0.0
0.0
0.0
0.0
0.0
0.0
0.0
0.0
0.0
0.0
0.0
0.0
0.0
0.0
0.0
0.0
0.0
0.0
0.0
0.0
0.0
0.0
0.0
0.0
0.0
0.0
0.0
0.0
0.0
0.0
0.0
0.0
0.0
0.0
0.0
0.0
0.0
0.0
0.0
0.0
0.0
0.0
0.0
0.0
0.0
0.0
0.0
0.0
0.0
0.0
0.0
0.0
0.0
0.0
0.0
0.0
0.0
0.0
0.0
0.0
0.0
0.0
0.0
0.0
0.0
0.0
0.0
0.0
0.0
0.0
0.0
0.0
0.0
0.0
0.0
0.0
0.0
0.0
0.0
0.0
0.0
0.0
0.0
0.0
0.0
0.0
0.0
0.0
0.0
0.0
0.0
0.0
0.0
0.0
0.0
0.0
0.0
0.0
0.0
0.0
0.0
0.0
0.0
0.0
0.0
0.0
0.0
0.0
0.0
0.0
0.0
0.0
0.0
0.0
0.0
0.0
0.0
0.0
0.0
0.0
0.0
0.0
0.0
0.0
0.0
0.0
0.0
0.0
0.0
0.0
0.0
0.0
0.0
0.0
0.0
0.0
0.0
0.0
0.0
0.0
0.0
0.0
0.0
0.0
0.0
0.0
0.0
0.0
0.0
0.0
0.0
0.0
0.0
0.0
0.0
0.0
0.0
0.0
0.0
0.0
0.0
0.0
0.0
0.0
0.0
0.0
0.0
0.0
0.0
0.0
0.0
0.0
0.0
0.0
0.0
0.0
0.0
0.0
0.0
0.0
0.0
0.0
0.0
0.0
0.0
0.0
0.0
0.0
0.0
0.0
0.0
0.0
0.0
0.0
0.0
0.0
0.0
0.0
0.0
0.0
0.0
0.0
0.0
0.0
0.0
0.0
0.0
0.0
0.0
0.0
0.0
0.0
0.0
0.0
0.0
0.0
0.0
0.0
0.0
0.0
0.0
0.0
0.0
0.0
0.0
0.0
0.0
0.0
0.0
0.0
0.0
0.0
0.0
0.0
0.0
0.0
0.0
0.0
0.0
0.0
0.0
0.0
0.0
0.0
0.0
0.0
0.0
0.0
0.0
0.0
0.0
0.0
0.0
0.0
0.0
0.0
0.0
0.0
0.0
0.0
0.0
0.0
0.0
0.0
0.0
0.0
0.0
0.0
0.0
0.0
0.0
0.0
0.0
0.0
0.0
0.0
0.0
0.0
0.0
0.0
0.0
0.0
0.0
0.0
0.0
0.0
0.0
0.0
0.0
0.0
0.0
0.0
0.0
0.0
0.0
0.0
0.0
0.0
0.0
0.0
0.0
0.0
0.0
0.0
0.0
0.0
0.0
0.0
0.0
0.0
0.0
0.0
0.0
0.0
0.0
0.0
0.0
0.0
0.0
0.0
0.0
0.0
0.0
0.0
0.0
0.0
0.0
0.0
0.0
0.0
0.0
0.0
0.0
0.0
0.0
0.0
0.0
0.0
0.0
0.0
0.0
0.0
0.0
0.0
0.0
0.0
0.0
0.0
0.0
0.0
0.0
0.0
0.0
0.0
0.0
0.0
0.0
0.0
0.0
0.0
0.0
0.0
0.0
0.0
0.0
0.0
0.0
0.0
0.0
0.0
0.0
0.0
0.0
0.0
0.0
0.0
0.0
0.0
0.0
0.0
0.0
0.0
0.0
0.0
0.0
0.0
0.0
0.0
0.0
0.0
0.0
0.0
0.0
0.0
0.0
0.0
0.0
0.0
0.0
0.0
0.0
0.0
0.0
0.0
0.0
0.0
0.0
0.0
0.0
0.0
0.0
0.0
0.0
0.0
0.0
0.0
0.0
0.0
0.0
0.0
0.0
0.0
0.0
0.0
0.0
0.0
0.0
0.0
0.0
0.0
0.0
0.0
0.0
0.0
0.0
0.0
0.0
0.0
0.0
0.0
0.0
0.0
0.0
0.0
0.0
0.0
0.0
0.0
0.0
0.0
0.0
0.0
0.0
0.0
0.0
0.0
0.0
0.0
0.0
0.0
0.0
0.0
0.0
0.0
0.0
0.0
0.0
0.0
0.0
0.0
0.0
0.0
0.0
0.0
0.0
0.0
0.0
0.0
0.0
0.0
0.0
0.0
0.0
0.0
0.0
0.0
0.0
0.0
0.0
0.0
0.0
0.0
0.0
0.0
0.0
0.0
0.0
0.0
0.0
0.0
0.0
0.0
0.0
0.0
0.0
0.0
0.0
0.0
0.0
0.0
0.0
0.0
0.0
0.0
0.0
0.0
0.0
0.0
0.0
0.0
0.0
0.0
0.0
0.0
0.0
0.0
0.0
0.0
0.0
0.0
0.0
0.0
0.0
0.0
0.0
0.0
0.0
0.0
0.0
0.0
0.0
0.0
0.0
0.0
0.0
0.0
0.0
0.0
0.0
0.0
0.0
0.0
0.0
0.0
0.0
0.0
0.0
0.0
0.0
0.0
0.0
0.0
0.0
0.0
0.0
0.0
0.0
0.0
0.0
0.0
0.0
0.0
0.0
0.0
0.0
0.0
0.0
0.0
0.0
0.0
0.0
0.0
0.0
0.0
0.0
0.0
0.0
0.0
0.0
0.0
0.0
0.0
0.0
0.0
0.0
0.0
0.0
0.0
0.0
0.0
0.0
0.0
0.0
0.0
0.0
0.0
0.0
0.0
0.0
0.0
0.0
0.0
0.0
0.0
0.0
0.0
0.0
0.0
0.0
0.0
0.0
0.0
0.0
0.0
0.0
0.0
0.0
0.0
0.0
0.0
0.0
0.0
0.0
0.0
0.0
0.0
0.0
0.0
0.0
0.0
0.0
0.0
0.0
0.0
0.0
0.0
0.0
0.0
0.0
0.0
0.0
0.0
0.0
0.0
0.0
0.0
0.0
0.0
0.0
0.0
0.0
0.0
0.0
0.0
0.0
0.0
0.0
0.0
0.0
0.0
0.0
0.0
0.0
0.0
0.0
0.0
0.0
0.0
0.0
0.0
0.0
0.0
0.0
0.0
0.0
0.0
0.0
0.0
0.0
0.0
0.0
0.0
0.0
0.0
0.0
0.0
0.0
0.0
0.0
0.0
0.0
0.0
0.0
0.0
0.0
0.0
0.0
0.0
0.0
0.0
0.0
0.0
0.0
0.0
0.0
0.0
0.0
0.0
0.0
0.0
0.0
0.0
0.0
0.0
0.0
0.0
0.0
0.0
0.0
0.0
0.0
0.0
0.0
0.0
0.0
0.0
0.0
0.0
0.0
0.0
0.0
0.0
0.0
0.0
0.0
0.0
0.0
0.0
0.0
0.0
0.0
0.0
0.0
0.0
0.0
0.0
0.0
0.0
0.0
0.0
0.0
0.0
0.0
0.0
0.0
0.0
0.0
0.0
0.0
0.0
0.0
0.0
0.0
0.0
0.0
0.0
0.0
0.0
0.0
0.0
0.0
0.0
0.0
0.0
0.0
0.0
0.0
0.0
0.0
0.0
0.0
0.0
0.0
0.0
0.0
0.0
0.0
0.0
0.0
0.0
0.0
0.0
0.0
0.0
0.0
0.0
0.0
0.0
0.0
0.0
0.0
0.0
0.0
0.0
0.0
0.0
0.0
0.0
0.0
0.0
0.0
0.0
0.0
0.0
0.0
0.0
0.0
0.0
0.0
0.0
0.0
0.0
0.0
0.0
0.0
0.0
0.0
0.0
0.0
0.0
0.0
0.0
0.0
0.0
0.0
0.0
0.0
0.0
0.0
0.0
0.0
0.0
0.0
0.0
0.0
0.0
0.0
0.0
0.0
0.0
0.0
0.0
0.0
0.0
0.0
0.0
0.0
0.0
0.0
0.0
0.0
0.0
0.0
0.0
0.0
0.0
0.0
0.0
0.0
0.0
0.0
0.0
0.0
0.0
0.0
0.0
0.0
0.0
0.0
0.0
0.0
0.0
0.0
0.0
0.0
0.0
0.0
0.0
0.0
0.0
0.0
0.0
0.0
0.0
0.0
0.0
0.0
0.0
0.0
0.0
0.0
0.0
0.0
0.0
0.0
0.0
0.0
0.0
0.0
0.0
0.0
0.0
0.0
0.0
0.0
0.0
0.0
0.0
0.0
0.0
0.0
0.0
0.0
0.0
0.0
0.0
0.0
0.0
0.0
0.0
0.0
0.0
0.0
0.0
0.0
0.0
0.0
0.0
0.0
0.0
0.0
0.0
0.0
0.0
0.0
0.0
0.0
0.0
0.0
0.0
0.0
0.0
0.0
0.0
0.0
0.0
0.0
0.0
0.0
0.0
0.0
0.0
0.0
0.0
0.0
0.0
0.0
0.0
0.0
0.0
0.0
0.0
0.0
0.0
0.0
0.0
0.0
0.0
0.0
0.0
0.0
0.0
0.0
0.0
0.0
0.0
0.0
0.0
0.0
0.0
0.0
0.0
0.0
0.0
0.0
0.0
0.0
0.0
0.0
0.0
0.0
0.0
0.0
0.0
0.0
0.0
0.0
0.0
0.0
0.0
0.0
0.0
0.0
0.0
0.0
0.0
0.0
0.0
0.0
0.0
0.0
0.0
0.0
0.0
0.0
0.0
0.0
0.0
0.0
0.0
0.0
0.0
0.0
0.0
0.0
0.0
0.0
0.0
0.0
0.0
0.0
0.0
0.0
0.0
0.0
0.0
0.0
0.0
0.0
0.0
0.0
0.0
0.0
0.0
0.0
0.0
0.0
0.0
0.0
0.0
0.0
0.0
0.0
0.0
0.0
0.0
0.0
0.0
0.0
0.0
0.0
0.0
0.0
0.0
0.0
0.0
0.0
0.0
0.0
0.0
0.0
0.0
0.0
0.0
0.0
0.0
0.0
0.0
0.0
0.0
0.0
0.0
0.0
0.0
0.0
0.0
0.0
0.0
0.0
0.0
0.0
0.0
0.0
0.0
0.0
0.0
0.0
0.0
0.0
0.0
0.0
0.0
0.0
0.0
0.0
0.0
0.0
0.0
0.0
0.0
0.0
0.0
0.0
0.0
0.0
0.0
0.0
0.0
0.0
0.0
0.0
0.0
0.0
0.0
0.0
0.0
0.0
0.0
0.0
0.0
0.0
0.0
0.0
0.0
0.0
0.0
0.0
0.0
0.0
0.0
0.0
0.0
0.0
0.0
0.0
0.0
0.0
0.0
0.0
0.0
0.0
0.0
0.0
0.0
0.0
0.0
0.0
0.0
0.0
0.0
0.0
0.0
0.0
0.0
0.0
0.0
0.0
0.0
0.0
0.0
0.0
0.0
0.0
0.0
0.0
0.0
0.0
0.0
0.0
0.0
0.0
0.0
0.0
0.0
0.0
0.0
0.0
0.0
0.0
0.0
0.0
0.0
0.0
0.0
0.0
0.0
0.0
0.0
0.0
0.0
0.0
0.0
0.0
0.0
0.0
0.0
0.0
0.0
0.0
0.0
0.0
0.0
0.0
0.0
0.0
0.0
0.0
0.0
0.0
0.0
0.0
0.0
0.0
0.0
0.0
0.0
0.0
0.0
0.0
0.0
0.0
0.0
0.0
0.0
0.0
0.0
0.0
0.0
0.0
0.0
0.0
0.0
0.0
0.0
0.0
0.0
0.0
0.0
0.0
0.0
0.0
0.0
0.0
0.0
0.0
0.0
0.0
0.0
0.0
0.0
0.0
0.0
0.0
0.0
0.0
0.0
0.0
0.0
0.0
0.0
0.0
0.0
0.0
0.0
0.0
0.0
0.0
0.0
0.0
0.0
0.0
0.0
0.0
0.0
0.0
0.0
0.0
0.0
0.0
0.0
0.0
0.0
0.0
0.0
0.0
0.0
0.0
0.0
0.0
0.0
0.0
0.0
0.0
0.0
0.0
0.0
0.0
0.0
0.0
0.0
0.0
0.0
0.0
0.0
0.0
0.0
0.0
0.0
0.0
0.0
0.0
0.0
0.0
0.0
0.0
0.0
0.0
0.0
0.0
0.0
0.0
0.0
0.0
0.0
0.0
0.0
0.0
0.0
0.0
0.0
0.0
0.0
0.0
0.0
0.0
0.0
0.0
0.0
0.0
0.0
0.0
0.0
0.0
0.0
0.0
0.0
0.0
0.0
0.0
0.0
0.0
0.0
0.0
0.0
0.0
0.0
0.0
0.0
0.0
0.0
0.0
0.0
0.0
0.0
0.0
0.0
0.0
0.0
0.0
0.0
0.0
0.0
0.0
0.0
0.0
0.0
0.0
0.0
0.0
0.0
0.0
0.0
0.0
0.0
0.0
0.0
0.0
0.0
0.0
0.0
0.0
0.0
0.0
0.0
0.0
0.0
0.0
0.0
0.0
0.0
0.0
0.0
0.0
0.0
0.0
0.0
0.0
0.0
0.0
0.0
0.0
0.0
0.0
0.0
0.0
0.0
0.0
0.0
0.0
0.0
0.0
0.0
0.0
0.0
0.0
0.0
0.0
0.0
0.0
0.0
0.0
0.0
0.0
0.0
0.0
0.0
0.0
0.0
0.0
0.0
0.0
0.0
0.0
0.0
0.0
0.0
0.0
0.0
0.0
0.0
0.0
0.0
0.0
0.0
0.0
0.0
0.0
0.0
0.0
0.0
0.0
0.0
0.0
0.0
0.0
0.0
0.0
0.0
0.0
0.0
0.0
0.0
0.0
0.0
0.0
0.0
0.0
0.0
0.0
0.0
0.0
0.0
0.0
0.0
0.0
0.0
0.0
0.0
0.0
0.0
0.0
0.0
0.0
0.0
0.0
0.0
0.0
0.0
0.0
0.0
0.0
0.0
0.0
0.0
0.0
0.0
0.0
0.0
0.0
0.0
0.0
0.0
0.0
0.0
0.0
0.0
0.0
0.0
0.0
0.0
0.0
0.0
0.0
0.0
0.0
0.0
0.0
0.0
0.0
0.0
0.0
0.0
0.0
0.0
0.0
0.0
0.0
0.0
0.0
0.0
0.0
0.0
0.0
0.0
0.0
0.0
0.0
0.0
0.0
0.0
0.0
0.0
0.0
0.0
0.0
0.0
0.0
0.0
0.0
0.0
0.0
0.0
0.0
0.0
0.0
0.0
0.0
0.0
0.0
0.0
0.0
0.0
0.0
0.0
0.0
0.0
0.0
0.0
0.0
0.0
0.0
0.0
0.0
0.0
0.0
0.0
0.0
0.0
0.0
0.0
0.0
0.0
0.0
0.0
0.0
0.0
0.0
0.0
0.0
0.0
0.0
0.0
0.0
0.0
0.0
0.0
0.0
0.0
0.0
0.0
0.0
0.0
0.0
0.0
0.0
0.0
0.0
0.0
0.0
0.0
0.0
0.0
0.0
0.0
0.0
0.0
0.0
0.0
0.0
0.0
0.0
0.0
0.0
0.0
0.0
0.0
0.0
0.0
0.0
0.0
0.0
0.0
0.0
0.0
0.0
0.0
0.0
0.0
0.0
0.0
0.0
0.0
0.0
0.0
0.0
0.0
0.0
0.0
0.0
0.0
0.0
0.0
0.0
0.0
0.0
0.0
0.0
0.0
0.0
0.0
0.0
0.0
0.0
0.0
0.0
0.0
0.0
0.0
0.0
0.0
0.0
0.0
0.0
0.0
0.0
0.0
0.0
0.0
0.0
0.0
0.0
0.0
0.0
0.0
0.0
0.0
0.0
0.0
0.0
0.0
0.0
0.0
0.0
0.0
0.0
0.0
0.0
0.0
0.0
0.0
0.0
0.0
0.0
0.0
0.0
0.0
0.0
0.0
0.0
0.0
0.0
0.0
0.0
0.0
0.0
0.0
0.0
0.0
0.0
0.0
0.0
0.0
0.0
0.0
0.0
0.0
0.0
0.0
0.0
0.0
0.0
0.0
0.0
0.0
0.0
0.0
0.0
0.0
0.0
0.0
0.0
0.0
0.0
0.0
0.0
0.0
0.0
0.0
0.0
0.0
0.0
0.0
0.0
0.0
0.0
0.0
0.0
0.0
0.0
0.0
0.0
0.0
0.0
0.0
0.0
0.0
0.0
0.0
0.0
0.0
0.0
0.0
0.0
0.0
0.0
0.0
0.0
0.0
0.0
0.0
0.0
0.0
0.0
0.0
0.0
0.0
0.0
0.0
0.0
0.0
0.0
0.0
0.0
0.0
0.0
0.0
0.0
0.0
0.0
0.0
0.0
0.0
0.0
0.0
0.0
0.0
0.0
0.0
0.0
0.0
0.0
0.0
0.0
0.0
0.0
0.0
0.0
0.0
0.0
0.0
0.0
0.0
0.0
0.0
0.0
0.0
0.0
0.0
0.0
0.0
0.0
0.0
0.0
0.0
0.0
0.0
0.0
0.0
0.0
0.0
0.0
0.0
0.0
0.0
0.0
0.0
0.0
0.0
0.0
0.0
0.0
0.0
0.0
0.0
0.0
0.0
0.0
0.0
0.0
0.0
0.0
0.0
0.0
0.0
0.0
0.0
0.0
0.0
0.0
0.0
0.0
0.0
0.0
0.0
0.0
0.0
0.0
0.0
0.0
0.0
0.0
0.0
0.0
0.0
0.0
0.0
0.0
0.0
0.0
0.0
0.0
0.0
0.0
0.0
0.0
0.0
0.0
0.0
0.0
0.0
0.0
0.0
0.0
0.0
0.0
0.0
0.0
0.0
0.0
0.0
0.0
0.0
0.0
0.0
0.0
0.0
0.0
0.0
0.0
0.0
0.0
0.0
0.0
0.0
0.0
0.0
0.0
0.0
0.0
0.0
0.0
0.0
0.0
0.0
0.0
0.0
0.0
0.0
0.0
0.0
0.0
0.0
0.0
0.0
0.0
0.0
0.0
0.0
0.0
0.0
0.0
0.0
0.0
0.0
0.0
0.0
0.0
0.0
0.0
0.0
0.0
0.0
0.0
0.0
0.0
0.0
0.0
0.0
0.0
0.0
0.0
0.0
0.0
0.0
0.0
0.0
0.0
0.0
0.0
0.0
0.0
0.0
0.0
0.0
0.0
0.0
0.0
0.0
0.0
0.0
0.0
0.0
0.0
0.0
0.0
0.0
0.0
0.0
0.0
0.0
0.0
0.0
0.0
0.0
0.0
0.0
0.0
0.0
0.0
0.0
0.0
0.0
0.0
0.0
0.0
0.0
0.0
0.0
0.0
0.0
0.0
0.0
0.0
0.0
0.0
0.0
0.0
0.0
0.0
0.0
0.0
0.0
0.0
0.0
0.0
0.0
0.0
0.0
0.0
0.0
0.0
0.0
0.0
0.0
0.0
0.0
0.0
0.0
0.0
0.0
0.0
0.0
0.0
0.0
0.0
0.0
0.0
0.0
0.0
0.0
0.0
0.0
0.0
0.0
0.0
0.0
0.0
0.0
0.0
0.0
0.0
0.0
0.0
0.0
0.0
0.0
0.0
0.0
0.0
0.0
0.0
0.0
0.0
0.0
0.0
0.0
0.0
0.0
0.0
0.0
0.0
0.0
0.0
0.0
0.0
0.0
0.0
0.0
0.0
0.0
0.0
0.0
0.0
0.0
0.0
0.0
0.0
0.0
0.0
0.0
0.0
0.0
0.0
0.0
0.0
0.0
0.0
0.0
0.0
0.0
0.0
0.0
0.0
0.0
0.0
0.0
0.0
0.0
0.0
0.0
0.0
0.0
0.0
0.0
0.0
0.0
0.0
0.0
0.0
0.0
0.0
0.0
0.0
0.0
0.0
0.0
0.0
0.0
0.0
0.0
0.0
0.0
0.0
0.0
0.0
0.0
0.0
0.0
0.0
0.0
0.0
0.0
0.0
0.0
0.0
0.0
0.0
0.0
0.0
0.0
0.0
0.0
0.0
0.0
0.0
0.0
0.0
0.0
0.0
0.0
0.0
0.0
0.0
0.0
0.0
0.0
0.0
0.0
0.0
0.0
0.0
0.0
0.0
0.0
0.0
0.0
0.0
0.0
0.0
0.0
0.0
0.0
0.0
0.0
0.0
0.0
0.0
0.0
0.0
0.0
0.0
0.0
0.0
0.0
0.0
0.0
0.0
0.0
0.0
0.0
0.0
0.0
0.0
0.0
0.0
0.0
0.0
0.0
0.0
0.0
0.0
0.0
0.0
0.0
0.0
0.0
0.0
0.0
0.0
0.0
0.0
0.0
0.0
0.0
0.0
0.0
0.0
0.0
0.0
0.0
0.0
0.0
0.0
0.0
0.0
0.0
0.0
0.0
0.0
0.0
0.0
0.0
0.0
0.0
0.0
0.0
0.0
0.0
0.0
0.0
0.0
0.0
0.0
0.0
0.0
0.0
0.0
0.0
0.0
0.0
0.0
0.0
0.0
0.0
0.0
0.0
0.0
0.0
0.0
0.0
0.0
0.0
0.0
0.0
0.0
0.0
0.0
0.0
0.0
0.0
0.0
0.0
0.0
0.0
0.0
0.0
0.0
0.0
0.0
0.0
0.0
0.0
0.0
0.0
0.0
0.0
0.0
0.0
0.0
0.0
0.0
0.0
0.0
0.0
0.0
0.0
0.0
0.0
0.0
0.0
0.0
0.0
0.0
0.0
0.0
0.0
0.0
0.0
0.0
0.0
0.0
0.0
0.0
0.0
0.0
0.0
0.0
0.0
0.0
0.0
0.0
0.0
0.0
0.0
0.0
0.0
0.0
0.0
0.0
0.0
0.0
0.0
0.0
0.0
0.0
0.0
0.0
0.0
0.0
0.0
0.0
0.0
0.0
0.0
0.0
0.0
0.0
0.0
0.0
0.0
0.0
0.0
0.0
0.0
0.0
0.0
0.0
0.0
0.0
0.0
0.0
0.0
0.0
0.0
0.0
0.0
0.0
0.0
0.0
0.0
0.0
0.0
0.0
0.0
0.0
0.0
0.0
0.0
0.0
0.0
0.0
0.0
0.0
0.0
0.0
0.0
0.0
0.0
0.0
0.0
0.0
0.0
0.0
0.0
0.0
0.0
0.0
0.0
0.0
0.0
0.0
0.0
0.0
0.0
0.0
0.0
0.0
0.0
0.0
0.0
0.0
0.0
0.0
0.0
0.0
0.0
0.0
0.0
0.0
0.0
0.0
0.0
0.0
0.0
0.0
0.0
0.0
0.0
0.0
0.0
0.0
0.0
0.0
0.0
0.0
0.0
0.0
0.0
0.0
0.0
0.0
0.0
0.0
0.0
0.0
0.0
0.0
0.0
0.0
0.0
0.0
0.0
0.0
0.0
0.0
0.0
0.0
0.0
0.0
0.0
0.0
0.0
0.0
0.0
0.0
0.0
0.0
0.0
0.0
0.0
0.0
0.0
0.0
0.0
0.0
0.0
0.0
0.0
0.0
0.0
0.0
0.0
0.0
0.0
0.0
0.0
0.0
0.0
0.0
0.0
0.0
0.0
0.0
0.0
0.0
0.0
0.0
0.0
0.0
0.0
0.0
0.0
0.0
0.0
0.0
0.0
0.0
0.0
0.0
0.0
0.0
0.0
0.0
0.0
0.0
0.0
0.0
0.0
0.0
0.0
0.0
0.0
0.0
0.0
0.0
0.0
0.0
0.0
0.0
0.0
0.0
0.0
0.0
0.0
0.0
0.0
0.0
0.0
0.0
0.0
0.0
0.0
0.0
0.0
0.0
0.0
0.0
0.0
0.0
0.0
0.0
0.0
0.0
0.0
0.0
0.0
0.0
0.0
0.0
0.0
0.0
0.0
0.0
0.0
0.0
0.0
0.0
0.0
0.0
0.0
0.0
0.0
0.0
0.0
0.0
0.0
0.0
0.0
0.0
0.0
0.0
0.0
0.0
0.0
0.0
0.0
0.0
0.0
0.0
0.0
0.0
0.0
0.0
0.0
0.0
0.0
0.0
0.0
0.0
0.0
0.0
0.0
0.0
0.0
0.0
0.0
0.0
0.0
0.0
0.0
0.0
0.0
0.0
0.0
0.0
0.0
0.0
0.0
0.0
0.0
0.0
0.0
0.0
0.0
0.0
0.0
0.0
0.0
0.0
0.0
0.0
0.0
0.0
0.0
0.0
0.0
0.0
0.0
0.0
0.0
0.0
0.0
0.0
0.0
0.0
0.0
0.0
0.0
0.0
0.0
0.0
0.0
0.0
0.0
0.0
0.0
0.0
0.0
0.0
0.0
0.0
0.0
0.0
0.0
0.0
0.0
0.0
0.0
0.0
0.0
0.0
0.0
0.0
0.0
0.0
0.0
0.0
0.0
0.0
0.0
0.0
0.0
0.0
0.0
0.0
0.0
0.0
0.0
0.0
0.0
0.0
0.0
0.0
0.0
0.0
0.0
0.0
0.0
0.0
0.0
0.0
0.0
0.0
0.0
0.0
0.0
