\BOOKMARK [1][-]{section.1}{Written Questions [30 points]}{}% 1
\BOOKMARK [2][-]{subsection.1.1}{Perceptron and Stochastic Gradient Descent [4 points]}{section.1}% 2
\BOOKMARK [2][-]{subsection.1.2}{Multinomial Logistic Regression [13 points]}{section.1}% 3
\BOOKMARK [2][-]{subsection.1.3}{Binary Logistic Regression on a Small Dataset [5 points]}{section.1}% 4
\BOOKMARK [2][-]{subsection.1.4}{Programming Empirical Questions [8 points]}{section.1}% 5
\BOOKMARK [1][-]{section.2}{Programming [70 points]}{}% 6
\BOOKMARK [2][-]{subsection.2.1}{The Task}{section.2}% 7
\BOOKMARK [2][-]{subsection.2.2}{The Datasets}{section.2}% 8
\BOOKMARK [2][-]{subsection.2.3}{Model Definition}{section.2}% 9
\BOOKMARK [2][-]{subsection.2.4}{Implementation}{section.2}% 10
\BOOKMARK [3][-]{subsubsection.2.4.1}{Overview}{subsection.2.4}% 11
\BOOKMARK [3][-]{subsubsection.2.4.2}{Feature Engineering}{subsection.2.4}% 12
\BOOKMARK [3][-]{subsubsection.2.4.3}{Command Line Arguments}{subsection.2.4}% 13
\BOOKMARK [2][-]{subsection.2.5}{Program Outputs}{section.2}% 14
\BOOKMARK [3][-]{subsubsection.2.5.1}{Output: Formatted Data Files}{subsection.2.5}% 15
\BOOKMARK [3][-]{subsubsection.2.5.2}{Output: Labels Files}{subsection.2.5}% 16
\BOOKMARK [3][-]{subsubsection.2.5.3}{Output Metrics}{subsection.2.5}% 17
\BOOKMARK [2][-]{subsection.2.6}{Evaluation and Submission}{section.2}% 18
\BOOKMARK [3][-]{subsubsection.2.6.1}{Evaluation}{subsection.2.6}% 19
\BOOKMARK [3][-]{subsubsection.2.6.2}{Requirements}{subsection.2.6}% 20
\BOOKMARK [3][-]{subsubsection.2.6.3}{Hints}{subsection.2.6}% 21
\BOOKMARK [3][-]{subsubsection.2.6.4}{Autolab Submission}{subsection.2.6}% 22
\BOOKMARK [1][-]{appendix.A}{Implementation Details for Logistic Regression}{}% 23
\BOOKMARK [2][-]{subsection.A.1}{Examples of Features}{appendix.A}% 24
\BOOKMARK [2][-]{subsection.A.2}{Efficient Computation of the Dot-Product}{appendix.A}% 25
\BOOKMARK [2][-]{subsection.A.3}{Data Structures for Fast Dot-Product}{appendix.A}% 26
