\BOOKMARK [1][-]{section.1}{Written Questions [44 points]}{}% 1
\BOOKMARK [2][-]{subsection.1.1}{Example Feed Forward and Backpropagation [34 points]}{section.1}% 2
\BOOKMARK [2][-]{subsection.1.2}{Empirical Questions [10 points]}{section.1}% 3
\BOOKMARK [1][-]{section.2}{Programming [75 points]}{}% 4
\BOOKMARK [2][-]{subsection.2.1}{The Task and Datasets}{section.2}% 5
\BOOKMARK [2][-]{subsection.2.2}{Model Definition}{section.2}% 6
\BOOKMARK [3][-]{subsubsection.2.2.1}{Initialization}{subsection.2.2}% 7
\BOOKMARK [2][-]{subsection.2.3}{Implementation}{section.2}% 8
\BOOKMARK [3][-]{subsubsection.2.3.1}{Command Line Arguments}{subsection.2.3}% 9
\BOOKMARK [3][-]{subsubsection.2.3.2}{Output: Labels Files}{subsection.2.3}% 10
\BOOKMARK [3][-]{subsubsection.2.3.3}{Output Metrics}{subsection.2.3}% 11
\BOOKMARK [2][-]{subsection.2.4}{Autolab Submission}{section.2}% 12
\BOOKMARK [1][-]{appendix.A}{Implementation Details for Neural Networks}{}% 13
\BOOKMARK [2][-]{subsection.A.1}{SGD for Neural Networks}{appendix.A}% 14
\BOOKMARK [2][-]{subsection.A.2}{Recursive Derivation of Backpropagation}{appendix.A}% 15
\BOOKMARK [3][-]{subsubsection.A.2.1}{Symbolic Differentiation}{subsection.A.2}% 16
\BOOKMARK [2][-]{subsection.A.3}{Matrix / Vector Operations for Neural Networks}{appendix.A}% 17
\BOOKMARK [2][-]{subsection.A.4}{Procedural Method of Implementation}{appendix.A}% 18
\BOOKMARK [3][-]{subsubsection.A.4.1}{Drawbacks to Procedural Method}{subsection.A.4}% 19
\BOOKMARK [2][-]{subsection.A.5}{Module-based Method of Implementation}{appendix.A}% 20
\BOOKMARK [3][-]{subsubsection.A.5.1}{Module Definitions}{subsection.A.5}% 21
\BOOKMARK [3][-]{subsubsection.A.5.2}{Module-based AD for Neural Network}{subsection.A.5}% 22
\BOOKMARK [2][-]{subsection.A.6}{Testing Backprop with Numerical Differentiation}{appendix.A}% 23
\BOOKMARK [3][-]{subsubsection.A.6.1}{Limitations}{subsection.A.6}% 24
\BOOKMARK [3][-]{subsubsection.A.6.2}{Finite Difference Checking of Modules}{subsection.A.6}% 25
